[Sat Dec 03 00:26:10.762 2016] freq=334, note=E, pitch=1, vol=1022
[Sat Dec 03 00:26:10.762 2016] edge! E
[Sat Dec 03 00:26:10.775 2016] 64
[Sat Dec 03 00:26:10.775 2016] 0 -> 2
[Sat Dec 03 00:26:11.177 2016] freq=330, note=E, pitch=0, vol=357
[Sat Dec 03 00:26:11.177 2016] 64
[Sat Dec 03 00:26:11.559 2016] freq=331, note=E, pitch=0, vol=223
[Sat Dec 03 00:26:11.559 2016] 64
[Sat Dec 03 00:26:11.943 2016] freq=326, note=E, pitch=-1, vol=275
[Sat Dec 03 00:26:11.943 2016] 64
[Sat Dec 03 00:26:11.990 2016] edge! none
[Sat Dec 03 00:26:11.990 2016] 0
[Sat Dec 03 00:26:11.990 2016] 2 -> 3
[Sat Dec 03 00:26:12.038 2016] 0
[Sat Dec 03 00:26:12.071 2016] 0
[Sat Dec 03 00:26:12.118 2016] 0
[Sat Dec 03 00:26:12.151 2016] 0
[Sat Dec 03 00:26:12.182 2016] 0
[Sat Dec 03 00:26:12.230 2016] 0
[Sat Dec 03 00:26:12.262 2016] 0
[Sat Dec 03 00:26:12.310 2016] 0
[Sat Dec 03 00:26:12.694 2016] 0
[Sat Dec 03 00:26:12.694 2016] 3 -> 4
[Sat Dec 03 00:26:12.694 2016] wait for 3
[Sat Dec 03 00:26:13.059 2016] freq=311, note=D#, pitch=0, vol=606
[Sat Dec 03 00:26:13.079 2016] edge! D#
[Sat Dec 03 00:26:13.079 2016] 63
[Sat Dec 03 00:26:13.079 2016] 0 -> 2
[Sat Dec 03 00:26:13.479 2016] freq=312, note=D#, pitch=0, vol=411
[Sat Dec 03 00:26:13.479 2016] 63
[Sat Dec 03 00:26:13.859 2016] freq=310, note=D#, pitch=0, vol=261
[Sat Dec 03 00:26:13.880 2016] 63
[Sat Dec 03 00:26:13.910 2016] edge! none
[Sat Dec 03 00:26:13.930 2016] 0
[Sat Dec 03 00:26:13.930 2016] 2 -> 3
[Sat Dec 03 00:26:13.957 2016] 0
[Sat Dec 03 00:26:14.006 2016] 0
[Sat Dec 03 00:26:14.038 2016] 0
[Sat Dec 03 00:26:14.086 2016] 0
[Sat Dec 03 00:26:14.119 2016] 0
[Sat Dec 03 00:26:14.150 2016] 0
[Sat Dec 03 00:26:14.198 2016] 0
[Sat Dec 03 00:26:14.230 2016] 0
[Sat Dec 03 00:26:14.278 2016] 0
[Sat Dec 03 00:26:14.310 2016] 0
[Sat Dec 03 00:26:14.342 2016] 0
[Sat Dec 03 00:26:14.390 2016] 0
[Sat Dec 03 00:26:14.792 2016] freq=340, note=F, pitch=-1, vol=950
[Sat Dec 03 00:26:14.792 2016] edge! F
[Sat Dec 03 00:26:14.810 2016] 65
[Sat Dec 03 00:26:14.810 2016] 3 -> 4
[Sat Dec 03 00:26:14.810 2016] wait for 4
[Sat Dec 03 00:26:14.835 2016] edge! none
[Sat Dec 03 00:26:14.851 2016] 0
[Sat Dec 03 00:26:14.886 2016] 0
[Sat Dec 03 00:26:14.934 2016] 0
[Sat Dec 03 00:26:14.965 2016] 0
[Sat Dec 03 00:26:15.014 2016] 0
[Sat Dec 03 00:26:15.398 2016] freq=331, note=E, pitch=0, vol=216
[Sat Dec 03 00:26:15.398 2016] 0
[Sat Dec 03 00:26:15.786 2016] freq=332, note=E, pitch=0, vol=250
[Sat Dec 03 00:26:15.786 2016] 0
[Sat Dec 03 00:26:16.163 2016] freq=331, note=E, pitch=0, vol=238
[Sat Dec 03 00:26:16.186 2016] 0
[Sat Dec 03 00:26:16.214 2016] 0
[Sat Dec 03 00:26:16.246 2016] 0
[Sat Dec 03 00:26:16.294 2016] 0
[Sat Dec 03 00:26:16.326 2016] 0
[Sat Dec 03 00:26:16.743 2016] freq=339, note=E, pitch=1, vol=1023
[Sat Dec 03 00:26:16.743 2016] edge! E
[Sat Dec 03 00:26:16.758 2016] 64
[Sat Dec 03 00:26:16.758 2016] 0 -> 2
[Sat Dec 03 00:26:17.159 2016] freq=331, note=E, pitch=0, vol=383
[Sat Dec 03 00:26:17.159 2016] 64
[Sat Dec 03 00:26:17.538 2016] freq=331, note=E, pitch=0, vol=315
[Sat Dec 03 00:26:17.558 2016] 64
[Sat Dec 03 00:26:17.942 2016] freq=330, note=E, pitch=0, vol=269
[Sat Dec 03 00:26:17.942 2016] 64
[Sat Dec 03 00:26:17.974 2016] edge! none
[Sat Dec 03 00:26:17.990 2016] 0
[Sat Dec 03 00:26:17.990 2016] 2 -> 3
[Sat Dec 03 00:26:18.022 2016] 0
[Sat Dec 03 00:26:18.069 2016] 0
[Sat Dec 03 00:26:18.101 2016] 0
[Sat Dec 03 00:26:18.149 2016] 0
[Sat Dec 03 00:26:18.181 2016] 0
[Sat Dec 03 00:26:18.212 2016] 0
[Sat Dec 03 00:26:18.261 2016] 0
[Sat Dec 03 00:26:18.293 2016] 0
[Sat Dec 03 00:26:18.341 2016] 0
[Sat Dec 03 00:26:18.373 2016] 0
[Sat Dec 03 00:26:18.405 2016] 0
[Sat Dec 03 00:26:18.823 2016] freq=332, note=E, pitch=0, vol=1022
[Sat Dec 03 00:26:18.823 2016] edge! E
[Sat Dec 03 00:26:18.838 2016] 64
[Sat Dec 03 00:26:18.838 2016] 3 -> 4
[Sat Dec 03 00:26:18.838 2016] wait for 3
[Sat Dec 03 00:26:19.225 2016] freq=312, note=D#, pitch=0, vol=575
[Sat Dec 03 00:26:19.225 2016] edge! D#
[Sat Dec 03 00:26:19.253 2016] 63
[Sat Dec 03 00:26:19.253 2016] 0 -> 2
[Sat Dec 03 00:26:19.638 2016] freq=311, note=D#, pitch=0, vol=364
[Sat Dec 03 00:26:19.638 2016] 63
[Sat Dec 03 00:26:20.027 2016] freq=311, note=D#, pitch=0, vol=229
[Sat Dec 03 00:26:20.027 2016] 63
[Sat Dec 03 00:26:20.067 2016] edge! none
[Sat Dec 03 00:26:20.082 2016] 0
[Sat Dec 03 00:26:20.082 2016] 2 -> 3
[Sat Dec 03 00:26:20.114 2016] 0
[Sat Dec 03 00:26:20.165 2016] 0
[Sat Dec 03 00:26:20.197 2016] 0
[Sat Dec 03 00:26:20.229 2016] 0
[Sat Dec 03 00:26:20.277 2016] 0
[Sat Dec 03 00:26:20.309 2016] 0
[Sat Dec 03 00:26:20.357 2016] 0
[Sat Dec 03 00:26:20.389 2016] 0
[Sat Dec 03 00:26:20.423 2016] 0
[Sat Dec 03 00:26:20.466 2016] 0
[Sat Dec 03 00:26:20.500 2016] 0
[Sat Dec 03 00:26:20.549 2016] 0
[Sat Dec 03 00:26:20.581 2016] 0
[Sat Dec 03 00:26:20.613 2016] 0
[Sat Dec 03 00:26:20.613 2016] 3 -> 4
[Sat Dec 03 00:26:20.629 2016] wait for 4
[Sat Dec 03 00:26:20.661 2016] 0
[Sat Dec 03 00:26:20.692 2016] 0
[Sat Dec 03 00:26:20.741 2016] 0
[Sat Dec 03 00:26:20.774 2016] 0
[Sat Dec 03 00:26:21.192 2016] freq=339, note=E, pitch=1, vol=1023
[Sat Dec 03 00:26:21.192 2016] edge! E
[Sat Dec 03 00:26:21.209 2016] 64
[Sat Dec 03 00:26:21.209 2016] 0 -> 2
[Sat Dec 03 00:26:21.606 2016] freq=329, note=E, pitch=0, vol=428
[Sat Dec 03 00:26:21.606 2016] 64
[Sat Dec 03 00:26:21.985 2016] freq=332, note=E, pitch=0, vol=269
[Sat Dec 03 00:26:22.005 2016] 64
[Sat Dec 03 00:26:22.036 2016] edge! none
[Sat Dec 03 00:26:22.052 2016] 0
[Sat Dec 03 00:26:22.052 2016] 2 -> 3
[Sat Dec 03 00:26:22.083 2016] 0
[Sat Dec 03 00:26:22.116 2016] 0
[Sat Dec 03 00:26:22.164 2016] 0
[Sat Dec 03 00:26:22.196 2016] 0
[Sat Dec 03 00:26:22.244 2016] 0
[Sat Dec 03 00:26:22.277 2016] 0
[Sat Dec 03 00:26:22.304 2016] 0
[Sat Dec 03 00:26:22.356 2016] 0
[Sat Dec 03 00:26:22.757 2016] freq=331, note=E, pitch=0, vol=258
[Sat Dec 03 00:26:22.757 2016] edge! E
[Sat Dec 03 00:26:22.773 2016] 64
[Sat Dec 03 00:26:22.773 2016] 3 -> 4
[Sat Dec 03 00:26:22.773 2016] wait for 4
[Sat Dec 03 00:26:22.773 2016] kMelodyCommandEvtExcited
[Sat Dec 03 00:26:24.933 2016] 0
[Sat Dec 03 00:26:24.980 2016] 0
[Sat Dec 03 00:26:25.015 2016] 0
[Sat Dec 03 00:26:25.041 2016] 0
[Sat Dec 03 00:26:25.088 2016] 0
[Sat Dec 03 00:26:25.120 2016] 0
[Sat Dec 03 00:26:25.169 2016] 0
[Sat Dec 03 00:26:25.201 2016] 0
[Sat Dec 03 00:26:25.233 2016] 0
[Sat Dec 03 00:26:25.281 2016] 0
[Sat Dec 03 00:26:25.313 2016] 0
[Sat Dec 03 00:26:25.365 2016] 0
[Sat Dec 03 00:26:25.396 2016] 0
[Sat Dec 03 00:26:25.438 2016] 0
[Sat Dec 03 00:26:25.472 2016] 0
[Sat Dec 03 00:26:25.504 2016] 0
[Sat Dec 03 00:26:25.556 2016] 0
[Sat Dec 03 00:26:25.588 2016] 0
[Sat Dec 03 00:26:25.620 2016] 0
[Sat Dec 03 00:26:25.668 2016] 0
[Sat Dec 03 00:26:25.699 2016] 0
[Sat Dec 03 00:26:25.748 2016] 0
[Sat Dec 03 00:26:25.780 2016] 0
[Sat Dec 03 00:26:25.813 2016] 0
[Sat Dec 03 00:26:25.860 2016] 0
[Sat Dec 03 00:26:25.892 2016] 0
[Sat Dec 03 00:26:25.940 2016] 0
[Sat Dec 03 00:26:25.972 2016] 0
[Sat Dec 03 00:26:26.004 2016] 0
[Sat Dec 03 00:26:26.053 2016] 0
[Sat Dec 03 00:26:26.087 2016] 0
[Sat Dec 03 00:26:26.131 2016] 0
[Sat Dec 03 00:26:26.165 2016] 0
[Sat Dec 03 00:26:26.193 2016] 0
[Sat Dec 03 00:26:26.245 2016] 0
[Sat Dec 03 00:26:26.276 2016] 0
[Sat Dec 03 00:26:26.324 2016] 0
[Sat Dec 03 00:26:26.356 2016] 0
[Sat Dec 03 00:26:26.404 2016] 0
[Sat Dec 03 00:26:26.432 2016] 0
[Sat Dec 03 00:26:26.464 2016] 0
[Sat Dec 03 00:26:26.515 2016] 0
[Sat Dec 03 00:26:26.548 2016] 0
[Sat Dec 03 00:26:26.596 2016] 0
[Sat Dec 03 00:26:26.628 2016] 0
[Sat Dec 03 00:26:26.660 2016] 0
[Sat Dec 03 00:26:26.708 2016] 0
[Sat Dec 03 00:26:26.739 2016] 0
[Sat Dec 03 00:26:26.788 2016] 0
[Sat Dec 03 00:26:26.820 2016] 0
[Sat Dec 03 00:26:26.851 2016] 0
[Sat Dec 03 00:26:26.901 2016] 0
[Sat Dec 03 00:26:26.931 2016] 0
[Sat Dec 03 00:26:26.980 2016] 0
[Sat Dec 03 00:26:27.013 2016] 0
[Sat Dec 03 00:26:27.044 2016] 0
[Sat Dec 03 00:26:27.092 2016] 0
[Sat Dec 03 00:26:27.125 2016] 0
[Sat Dec 03 00:26:27.171 2016] 0
[Sat Dec 03 00:26:27.204 2016] 0
[Sat Dec 03 00:26:27.236 2016] 0
[Sat Dec 03 00:26:27.284 2016] 0
[Sat Dec 03 00:26:27.315 2016] 0
[Sat Dec 03 00:26:27.363 2016] 0
[Sat Dec 03 00:26:27.396 2016] 0
[Sat Dec 03 00:26:27.427 2016] 0
[Sat Dec 03 00:26:27.474 2016] 0
[Sat Dec 03 00:26:27.507 2016] 0
[Sat Dec 03 00:26:27.555 2016] 0
[Sat Dec 03 00:26:27.587 2016] 0
[Sat Dec 03 00:26:27.619 2016] 0
[Sat Dec 03 00:26:27.668 2016] 0
[Sat Dec 03 00:26:27.699 2016] 0
[Sat Dec 03 00:26:27.747 2016] 0
[Sat Dec 03 00:26:27.780 2016] 0
[Sat Dec 03 00:26:27.812 2016] 0
[Sat Dec 03 00:26:27.859 2016] 0
[Sat Dec 03 00:26:27.891 2016] 0
[Sat Dec 03 00:26:27.938 2016] 0
[Sat Dec 03 00:26:27.971 2016] 0
[Sat Dec 03 00:26:28.003 2016] 0
[Sat Dec 03 00:26:28.050 2016] 0
[Sat Dec 03 00:26:28.084 2016] 0
[Sat Dec 03 00:26:28.132 2016] 0
[Sat Dec 03 00:26:28.163 2016] 0
[Sat Dec 03 00:26:28.195 2016] 0
[Sat Dec 03 00:26:28.243 2016] 0
[Sat Dec 03 00:26:28.275 2016] 0
[Sat Dec 03 00:26:28.323 2016] 0
[Sat Dec 03 00:26:28.355 2016] 0
[Sat Dec 03 00:26:28.387 2016] 0
[Sat Dec 03 00:26:28.436 2016] 0
[Sat Dec 03 00:26:28.463 2016] 0
[Sat Dec 03 00:26:28.514 2016] 0
[Sat Dec 03 00:26:28.547 2016] 0
[Sat Dec 03 00:26:28.579 2016] 0
[Sat Dec 03 00:26:28.626 2016] 0
[Sat Dec 03 00:26:28.659 2016] 0
[Sat Dec 03 00:26:28.706 2016] 0
[Sat Dec 03 00:26:28.739 2016] 0
[Sat Dec 03 00:26:28.771 2016] 0
[Sat Dec 03 00:26:28.819 2016] 0
[Sat Dec 03 00:26:28.851 2016] 0
[Sat Dec 03 00:26:28.899 2016] 0
[Sat Dec 03 00:26:28.931 2016] 0
[Sat Dec 03 00:26:28.963 2016] 0
[Sat Dec 03 00:26:29.011 2016] 0
[Sat Dec 03 00:26:29.043 2016] 0
[Sat Dec 03 00:26:29.091 2016] 0
[Sat Dec 03 00:26:29.123 2016] 0
[Sat Dec 03 00:26:29.155 2016] 0
[Sat Dec 03 00:26:29.203 2016] 0
[Sat Dec 03 00:26:29.235 2016] 0
[Sat Dec 03 00:26:29.283 2016] 0
[Sat Dec 03 00:26:29.315 2016] 0
[Sat Dec 03 00:26:29.347 2016] 0
[Sat Dec 03 00:26:29.395 2016] 0
[Sat Dec 03 00:26:29.427 2016] 0
[Sat Dec 03 00:26:29.471 2016] 0
[Sat Dec 03 00:26:29.503 2016] 0
[Sat Dec 03 00:26:29.535 2016] 0
[Sat Dec 03 00:26:29.587 2016] 0
[Sat Dec 03 00:26:29.619 2016] 0
[Sat Dec 03 00:26:29.666 2016] 0
[Sat Dec 03 00:26:29.699 2016] 0
[Sat Dec 03 00:26:29.732 2016] 0
[Sat Dec 03 00:26:29.780 2016] 0
[Sat Dec 03 00:26:29.815 2016] 0
[Sat Dec 03 00:26:29.859 2016] 0
[Sat Dec 03 00:26:29.891 2016] 0
[Sat Dec 03 00:26:29.919 2016] 0
[Sat Dec 03 00:26:29.971 2016] 0
[Sat Dec 03 00:26:30.003 2016] 0
[Sat Dec 03 00:26:30.051 2016] 0
[Sat Dec 03 00:26:30.082 2016] 0
[Sat Dec 03 00:26:30.111 2016] 0
[Sat Dec 03 00:26:30.162 2016] 0
[Sat Dec 03 00:26:30.195 2016] 0
[Sat Dec 03 00:26:30.243 2016] 0
[Sat Dec 03 00:26:30.275 2016] 0
[Sat Dec 03 00:26:30.323 2016] 0
[Sat Dec 03 00:26:30.355 2016] 0
[Sat Dec 03 00:26:30.387 2016] 0
[Sat Dec 03 00:26:30.435 2016] 0
[Sat Dec 03 00:26:30.467 2016] 0
[Sat Dec 03 00:26:30.515 2016] 0
[Sat Dec 03 00:26:30.547 2016] 0
[Sat Dec 03 00:26:30.580 2016] 0
[Sat Dec 03 00:26:30.627 2016] 0
[Sat Dec 03 00:26:30.659 2016] 0
[Sat Dec 03 00:26:30.706 2016] 0
[Sat Dec 03 00:26:30.738 2016] 0
[Sat Dec 03 00:26:30.770 2016] 0
[Sat Dec 03 00:26:30.819 2016] 0
[Sat Dec 03 00:26:30.851 2016] 0
[Sat Dec 03 00:26:30.900 2016] 0
[Sat Dec 03 00:26:30.932 2016] 0
[Sat Dec 03 00:26:30.964 2016] 0
[Sat Dec 03 00:26:31.011 2016] 0
[Sat Dec 03 00:26:31.043 2016] 0
[Sat Dec 03 00:26:31.091 2016] 0
[Sat Dec 03 00:26:31.123 2016] 0
[Sat Dec 03 00:26:31.155 2016] 0
[Sat Dec 03 00:26:31.204 2016] 0
[Sat Dec 03 00:26:31.235 2016] 0
[Sat Dec 03 00:26:31.283 2016] 0
[Sat Dec 03 00:26:31.316 2016] 0
[Sat Dec 03 00:26:31.347 2016] 0
[Sat Dec 03 00:26:31.395 2016] 0
[Sat Dec 03 00:26:31.427 2016] 0
[Sat Dec 03 00:26:31.471 2016] 0
[Sat Dec 03 00:26:31.503 2016] 0
[Sat Dec 03 00:26:31.535 2016] 0
[Sat Dec 03 00:26:31.583 2016] 0
[Sat Dec 03 00:26:31.615 2016] 0
[Sat Dec 03 00:26:31.666 2016] 0
[Sat Dec 03 00:26:31.699 2016] 0
[Sat Dec 03 00:26:32.118 2016] freq=218, note=A, pitch=0, vol=1023
[Sat Dec 03 00:26:32.118 2016] edge! A
[Sat Dec 03 00:26:32.148 2016] 57
[Sat Dec 03 00:26:32.148 2016] 0 -> 2
[Sat Dec 03 00:26:32.532 2016] freq=220, note=A, pitch=0, vol=640
[Sat Dec 03 00:26:32.532 2016] 57
[Sat Dec 03 00:26:32.927 2016] freq=222, note=A, pitch=0, vol=314
[Sat Dec 03 00:26:32.947 2016] 57
[Sat Dec 03 00:26:33.332 2016] freq=221, note=A, pitch=0, vol=282
[Sat Dec 03 00:26:33.332 2016] 57
[Sat Dec 03 00:26:33.717 2016] freq=221, note=A, pitch=0, vol=246
[Sat Dec 03 00:26:33.717 2016] 57
[Sat Dec 03 00:26:33.749 2016] edge! none
[Sat Dec 03 00:26:33.762 2016] 0
[Sat Dec 03 00:26:33.762 2016] 2 -> 3
[Sat Dec 03 00:26:33.810 2016] 0
[Sat Dec 03 00:26:33.842 2016] 0
[Sat Dec 03 00:26:33.890 2016] 0
[Sat Dec 03 00:26:33.924 2016] 0
[Sat Dec 03 00:26:33.954 2016] 0
[Sat Dec 03 00:26:34.002 2016] 0
[Sat Dec 03 00:26:34.035 2016] 0
[Sat Dec 03 00:26:34.082 2016] 0
[Sat Dec 03 00:26:34.114 2016] 0
[Sat Dec 03 00:26:34.142 2016] 0
[Sat Dec 03 00:26:34.193 2016] 0
[Sat Dec 03 00:26:34.226 2016] 0
[Sat Dec 03 00:26:34.274 2016] 0
[Sat Dec 03 00:26:34.306 2016] 0
[Sat Dec 03 00:26:34.306 2016] 3 -> 4
[Sat Dec 03 00:26:34.306 2016] wait for 9
[Sat Dec 03 00:26:34.306 2016] kMelodyCommandEvtFired
[Sat Dec 03 00:26:39.201 2016] 0
[Sat Dec 03 00:26:39.233 2016] 0
[Sat Dec 03 00:26:39.281 2016] 0
[Sat Dec 03 00:26:39.313 2016] 0
[Sat Dec 03 00:26:39.361 2016] 0
