7
480
438
398
365
338
320
313
317
332
358
392
432
475
517
557
594
629
661
689
715
721
716
700
675
641
602
558
512
466
424
387
355
331
317
314
322
340
369
405
445
488
530
570
606
639
670
698
720
722
713
694
666
631
589
544
497
452
413
376
346
325
313
313
324
345
376
413
456
499
540
579
614
647
677
705
721
719
708
686
656
619
577
531
484
441
401
367
340
321
313
315
330
353
387
425
469
511
552
589
624
656
685
712
721
717
703
678
645
607
562
517
471
429
391
359
333
319
313
318
336
363
397
438
481
524
563
600
634
665
694
717
720
714
696
670
634
594
549
502
457
416
381
349
326
314
312
321
341
371
407
449
492
534
573
609
643
672
701
720
721
712
692
663
627
585
540
494
449
409
374
345
325
315
316
327
350
381
420
463
505
546
584
619
651
682
708
721
719
706
684
653
615
572
526
480
436
398
364
338
321
315
319
334
359
393
433
476
518
558
595
629
661
690
716
722
717
701
675
642
602
558
511
466
424
387
355
332
318
314
323
341
369
404
446
489
531
570
607
640
671
699
721
722
715
696
667
632
590
545
499
454
413
378
348
326
315
314
325
346
378
415
458
500
542
580
616
648
679
706
722
720
709
688
657
620
578
532
486
442
403
368
341
322
314
316
332
355
389
428
471
513
554
591
627
658
687
714
722
719
704
681
647
608
564
518
473
430
392
360
335
320
314
321
338
365
400
442
484
526
566
603
636
667
696
719
722
716
698
671
636
596
551
505
459
419
382
351
330
317
315
324
346
375
412
454
497
538
577
613
646
676
704
722
721
711
691
662
625
583
538
492
447
407
372
343
324
315
316
329
352
383
422
466
507
549
586
622
653
683
710
722
720
707
684
652
615
571
525
479
436
397
364
337
321
314
318
333
360
393
434
477
519
559
596
630
662
691
716
722
718
702
676
643
603
559
512
467
425
388
356
332
318
314
321
341
368
405
445
489
530
571
606
639
670
699
720
722
714
695
667
631
591
545
499
454
413
378
348
326
316
315
326
348
378
416
458
501
542
580
616
648
678
706
722
720
709
687
657
619
577
531
485
441
402
368
340
321
314
316
330
355
387
427
471
512
553
591
625
657
686
713
722
718
704
680
647
609
565
519
474
431
394
567
602
636
667
696
717
718
710
691
664
628
587
542
496
451
411
375
346
324
312
312
322
343
374
411
454
497
538
577
612
646
676
703
718
717
706
684
655
617
574
529
482
439
401
366
338
319
311
312
327
350
383
422
465
508
549
587
621
654
684
710
718
715
701
677
644
606
562
516
470
428
390
357
332
317
311
316
333
359
394
435
478
520
560
598
631
663
692
715
718
712
695
668
633
593
549
502
457
416
379
349
326
313
311
320
339
369
405
447
491
532
572
607
641
672
699
717
717
707
687
658
621
579
534
487
443
403
369
340
320
310
311
323
345
377
416
459
501
543
581
617
649
679
706
718
715
702
679
648
609
567
520
474
432
394
360
333
316
309
313
328
353
387
427
471
513
554
591
626
657
687
712
716
711
695
669
636
596
552
505
460
419
382
351
327
312
310
317
335
363
400
441
484
526
566
602
637
667
696
716
717
708
689
660
625
583
538
491
447
408
372
342
321
310
309
321
343
373
411
453
496
538
577
613
645
675
703
717
715
703
681
650
613
571
525
478
435
397
363
335
317
309
311
326
351
383
423
467
508
549
588
622
654
684
710
717
712
698
673
640
602
558
512
466
424
388
355
330
315
310
316
334
361
396
437
481
522
562
600
633
664
693
715
717
710
692
665
630
589
545
498
453
413
377
346
324
312
310
320
340
369
407
449
492
534
573
609
642
672
700
717
717
706
686
656
619
577
531
485
441
402
367
339
319
310
311
324
347
380
419
462
504
546
584
619
651
681
708
718
715
701
678
646
608
564
518
472
430
392
359
332
316
310
314
330
356
391
432
474
517
557
594
629
661
689
714
718
712
695
669
635
595
550
504
459
417
381
349
326
313
309
317
336
365
402
444
487
529
569
605
638
669
697
717
718
709
690
661
625
583
538
491
447
407
372
342
321
310
310
321
344
374
413
456
498
540
579
614
647
677
705
717
716
704
681
650
613
570
524
479
435
396
363
336
319
311
314
329
354
387
428
470
513
553
592
625
657
687
713
720
715
700
675
642
603
559
512
467
425
388
355
331
317
312
318
337
365
400
441
484
526
567
603
636
667
697
718
721
713
695
668
633
592
547
501
456
415
379
348
327
314
313
323
344
374
411
454
497
538
577
613
645
676
704
721
721
711
690
660
624
582
536
490
446
407
373
344
325
317
318
331
355
387
426
470
511
552
590
624
657
686
713
723
720
707
684
652
613
570
524
478
436
397
364
338
323
317
322
338
365
400
440
484
526
565
602
636
666
695
721
725
720
703
677
643
602
558
512
466
425
388
357
334
320
318
326
346
374
411
453
495
537
576
612
645
675
703
724
725
717
697
669
633
591
546
500
456
415
379
350
331
320
321
333
354
385
424
467
508
549
587
622
654
684
711
725
723
710
688
657
619
576
532
485
442
403
369
342
326
318
322
337
363
397
436
479
521
562
598
633
664
693
719
725
721
706
681
648
608
564
518
472
430
392
361
336
322
318
325
344
371
407
448
491
533
572
608
641
672
700
722
724
717
699
671
636
595
551
504
460
418
383
352
331
320
319
328
351
380
418
460
503
544
582
617
650
680
707
724
723
712
690
660
623
580
534
488
445
406
371
343
325
317
319
333
356
389
430
472
514
555
592
627
658
688
714
724
720
706
682
649
610
566
520
474
432
394
361
335
320
314
319
336
363
396
437
480
522
562
600
633
664
693
717
720
714
697
670
636
595
551
504
459
418
381
351
327
313
312
320
340
369
405
446
490
531
571
607
640
671
699
718
717
707
687
658
621
580
534
488
444
404
370
340
321
310
311
324
346
377
415
458
501
542
581
616
649
679
706
716
714
701
677
646
607
564
517
471
429
391
358
331
313
306
311
326
351
385
425
469
511
552
590
624
657
686
711
716
711
695
669
636
595
551
505
459
418
381
350
325
310
306
313
332
360
396
437
481
523
563
600
634
665
694
714
714
706
686
658
622
581
536
489
445
405
370
340
318
307
306
317
339
369
407
450
493
535
574
610
643
673
701
714
713
701
679
648
610
568
522
476
433
394
361
333
315
306
309
322
348
380
419
462
505
546
585
619
652
682
708
714
710
695
670
637
597
554
507
462
420
384
351
325
311
305
311
328
355
390
431
474
517
557
594
629
661
689
711
714
707
688
661
627
586
541
494
450
409
374
344
320
308
306
315
336
365
402
444
487
530
568
605
639
669
697
714
714
702
682
651
615
572
527
481
438
398
364
335
315
305
306
319
342
374
413
456
499
540
579
614
648
677
704
714
711
698
674
642
604
560
514
468
426
388
356
328
312
305
309
325
352
385
426
470
637
596
551
505
459
419
382
351
328
316
314
323
343
373
409
451
494
537
575
611
643
674
702
721
721
711
691
661
625
583
537
491
446
407
372
343
323
313
315
327
350
382
421
464
506
548
585
621
653
682
709
722
719
706
683
652
614
571
525
479
435
397
364
337
320
314
318
333
359
392
432
476
518
558
595
630
662
690
716
721
717
700
674
641
601
557
511
465
424
387
355
331
317
314
321
340
368
404
445
489
531
570
606
639
670
698
720
721
713
694
667
631
589
544
498
454
413
377
348
326
315
314
325
347
376
415
456
499
541
579
615
647
678
705
721
719
708
687
657
619
577
531
485
441
402
369
340
321
314
315
329
354
387
426
469
511
552
590
624
656
686
712
721
718
703
679
647
608
564
518
472
431
392
360
334
318
314
319
336
363
398
438
481
523
563
601
634
665
694
718
721
715
697
670
636
595
550
505
459
418
381
350
328
315
313
322
342
372
409
451
493
535
574
610
643
673
702
720
720
710
690
660
624
582
536
490
447
406
372
342
323
313
314
327
349
382
420
463
505
547
585
620
652
682
709
720
717
704
681
649
611
567
521
475
432
394
362
334
318
311
315
331
357
391
431
475
517
557
594
629
661
689
714
720
714
698
672
638
599
554
508
463
421
384
352
329
314
312
319
337
366
402
443
487
528
568
604
638
669
697
718
719
711
692
664
628
588
542
496
452
412
375
346
324
314
313
324
346
376
415
457
499
541
579
615
647
678
705
719
718
706
685
654
616
575
528
482
439
400
366
339
320
312
314
329
354
386
426
469
511
552
590
624
656
686
712
720
716
702
678
645
606
562
516
470
428
391
359
333
318
313
319
336
363
397
438
482
524
564
600
634
665
695
717
721
714
697
670
636
595
551
504
459
419
382
351
329
316
315
324
344
373
411
452
494
536
575
611
644
674
703
720
720
710
690
660
624
582
537
490
446
406
372
343
324
314
315
328
351
383
422
464
507
548
587
621
653
683
710
721
718
705
682
651
612
569
524
477
435
396
362
336
320
314
318
334
360
394
434
477
519
559
596
631
662
691
716
720
715
698
673
639
599
554
508
463
421
385
353
329
317
313
321
340
368
405
447
489
531
570
607
640
671
699
719
720
711
692
665
628
588
542
496
452
412
376
346
325
314
315
325
348
378
416
458
501
542
581
616
649
679
706
721
718
707
685
654
616
574
528
482
439
399
366
338
321
313
316
331
355
389
428
471
514
555
591
627
658
687
713
721
716
701
676
644
604
560
514
468
426
389
357
332
317
312
318
336
362
398
438
482
523
563
600
634
665
694
716
719
712
694
667
632
591
546
500
456
414
379
348
325
313
311
320
340
370
407
449
492
534
573
609
642
672
700
717
717
706
686
656
619
577
532
485
442
402
368
339
319
311
311
325
347
380
418
460
503
544
582
618
650
680
707
717
714
700
676
645
606
562
517
471
428
390
357
332
314
308
312
329
355
388
429
472
515
556
592
627
658
688
712
716
710
693
667
633
592
548
502
456
416
380
348
324
310
307
315
334
363
398
440
483
526
565
602
635
667
695
714
714
705
685
657
620
579
534
487
443
403
369
339
318
308
307
318
340
370
408
452
494
536
575
610
643
674
702
713
711
699
677
645
607
565
519
472
430
391
358
330
313
305
308
323
347
381
421
463
506
547
585
620
652
682
708
713
709
693
668
635
595
551
505
460
418
382
349
324
309
305
311
328
356
391
432
475
517
558
595
629
661
690
711
712
705
686
658
623
581
537
490
446
406
370
341
317
306
304
314
334
365
402
444
488
530
569
605
639
669
698
712
711
701
679
649
612
570
524
478
434
396
361
333
314
305
306
319
342
375
413
456
500
541
580
615
647
678
704
712
709
696
672
640
601
558
512
466
424
386
354
327
310
305
309
325
351
386
426
470
512
553
591
625
657
686
710
714
708
691
665
631
591
547
500
455
415
378
347
323
309
307
314
333
363
398
441
483
525
565
602
636
666
695
714
714
705
686
657
621
580
534
488
445
404
370
340
319
309
308
320
342
373
411
454
497
538
577
613
645
676
703
716
714
702
679
649
611
568
522
476
434
395
361
334
316
309
312
327
352
385
426
468
511
553
589
625
656
685
711
717
713
697
672
639
601
556
510
465
422
385
353
329
315
310
317
334
363
398
439
483
524
565
601
635
666
694
717
719
711
693
666
630
589
545
498
453
413
377
347
325
313
313
323
344
374
412
454
497
539
577
613
646
676
704
720
719
708
687
658
621
578
533
488
443
404
370
342
323
315
317
330
355
387
427
470
512
552
590
624
656
686
713
722
719
706
312
318
334
360
394
435
478
520
560
598
631
663
692
716
721
715
698
672
637
598
552
507
462
419
383
352
328
316
313
322
341
369
406
448
490
532
572
608
641
671
700
719
7198
718
707
685
656
618
575
530
484
440
401
366
337
319
310
312
325
349
381
421
464
506
548
586
620
653
682
709
720
717
703
680
647
608
566
519
473
431
393
360
334
318
312
316
333
359
394
434
478
520
560
597
631
663
692
716
720
714
697
671
637
597
553
506
461
420
383
352
329
315
312
321
340
370
406
448
491
533
572
608
641
672
700
720
720
711
692
664
627
585
540
494
449
410
374
344
324
313
313
325
347
379
417
461
503
544
582
618
651
680
707
722
720
708
686
655
617
574
528
481
439
399
366
338
320
313
316
331
356
389
429
473
515
556
593
627
659
688
714
722
718
703
678
644
605
561
515
469
427
389
358
332
317
314
320
338
366
400
442
485
527
567
603
637
668
696
719
722
714
696
668
634
592
547
501
456
416
380
350
327
316
315
325
345
376
413
456
498
540
579
614
647
677
705
722
721
710
688
658
621
579
533
487
443
404
369
342
322
314
316
330
354
386
426
469
511
552
589
624
656
685
712
722
719
705
682
649
610
567
520
475
432
394
361
335
319
313
319
335
361
396
437
480
522
562
599
633
664
693
717
722
716
699
673
638
598
553
508
463
421
384
353
330
317
314
322
343
371
408
451
493
535
574
610
643
673
701
720
721
711
691
663
626
584
539
493
449
409
373
344
325
315
315
327
349
381
419
463
506
546
584
619
652
681
709
722
720
708
685
654
616
572
526
480
438
398
364
338
320
312
315
331
356
389
430
473
515
556
593
627
659
688
715
722
718
702
678
645
605
561
515
469
427
389
357
332
317
314
319
338
366
401
442
485
527
567
603
638
668
696
719
722
716
698
671
635
595
550
503
457
417
380
350
328
316
314
325
345
376
414
455
499
539
579
614
646
677
704
722
722
712
691
661
625
582
536
490
446
406
372
343
324
316
317
330
353
386
425
468
510
551
589
623
655
685
712
723
720
706
683
651
612
570
524
477
434
396
363
337
321
315
320
336
363
397
438
480
522
563
599
633
664
693
718
723
717
700
674
641
600
555
509
463
422
385
354
330
318
315
323
344
372
408
451
493
535
574
609
643
673
701
722
722
713
694
665
628
587
542
496
451
412
376
347
326
317
317
329
352
383
421
464
506
547
585
621
653
682
709
722
720
708
685
654
616
572
527
480
437
399
365
338
320
314
318
333
359
393
432
476
517
558
595
629
661
690
716
723
718
703
678
644
604
560
514
468
426
388
357
331
317
313
319
337
366
401
442
485
527
566
604
636
667
696
718
720
713
694
667
632
591
546
499
454
414
378
348
326
314
314
323
344
374
412
454
497
538
577
612
646
676
703
719
718
707
687
656
619
576
531
485
441
402
367
339
321
312
314
328
352
384
424
467
509
550
588
623
655
684
711
720
717
703
679
647
608
564
518
472
429
392
358
333
316
310
315
332
359
393
434
478
519
560
597
631
662
691
715
719
713
696
669
635
594
549
503
458
418
381
349
327
313
310
320
339
368
404
447
489
531
570
607
640
670
699
717
718
708
689
660
624
582
537
490
446
407
371
343
322
311
312
324
346
377
415
458
500
542
580
616
648
678
706
718
715
703
680
649
611
568
522
476
433
395
361
335
316
310
312
329
353
386
426
470
512
553
590
625
657
686
711
717
713
697
672
639
599
556
509
463
422
385
353
328
313
309
316
334
362
396
438
481
523
562
600
633
664
694
714
715
708
689
661
626
585
540
494
449
409
373
343
321
309
307
318
339
369
406
448
491
533
572
608
641
672
700
714
713
702
681
651
614
571
526
480
436
398
364
335
316
307
309
323
347
380
419
462
505
546
584
619
651
682
708
716
712
698
674
641
602
559
513
467
425
387
355
329
312
307
312
329
356
390
431
474
517
557
594
628
660
689
712
715
709
691
664
629
588
543
497
453
411
375
345
321
308
306
315
334
364
401
443
487
528
568
604
638
669
697
715
715
705
685
310
321
342
372
409
451
494
536
575
610
644
674
702
718
717
706
685
656
618
575
531
484
440
401
366
338
319
310
312
326
349
381
421
464
506
547
586
620
653
683
709
719
716
702
679
646
607
565
518
473
429
392
359
332
317
310
315
332
358
393
435
477
520
560
597
632
662
692
716
721
715
699
672
639
598
554
507
462
422
384
353
329
317
313
322
341
371
407
449
492
533
573
608
642
672
700
720
721
712
693
664
628
587
541
495
451
410
376
346
326
316
316
329
350
382
421
463
506
547
585
620
652
683
709
723
721
709
687
656
618
575
529
482
440
400
366
340
322
315
318
333
358
392
432
474
517
557
594
628
660
689
715
723
718
703
678
645
605
562
516
470
428
390
358
335
320
316
323
341
369
404
446
489
530
569
606
639
670
698
721
722
715
696
669
634
592
547
501
456
416
380
349
328
317
315
326
347
378
414
457
499
541
579
616
647
678
705
722
721
711
690
660
622
580
535
489
444
405
370
343
324
316
317
331
355
387
427
470
512
552
591
625
656
686
713
722
719
705
681
649
610
566
520
474
431
393
360
335
319
313
319
335
362
396
437
480
522
562
600
633
664
693
718
722
716
700
674
639
599
555
508
463
421
385
353
331
317
314
323
343
371
407
449
492
534
574
609
642
673
701
721
723
713
694
665
629
589
543
497
452
412
377
347
328
317
317
329
351
382
421
463
506
547
585
620
652
682
709
723
721
709
686
655
617
574
528
482
439
400
366
340
322
315
318
333
359
393
432
476
518
558
595
629
661
690
716
724
720
705
680
647
607
564
518
472
430
392
361
336
321
318
324
342
370
406
446
489
530
571
606
639
670
699
721
723
716
699
671
635
595
550
504
460
419
382
352
332
320
318
329
350
380
417
459
502
543
581
616
650
679
707
723
722
711
690
660
624
581
536
490
447
407
372
345
326
317
320
333
357
390
429
472
514
555
592
626
659
687
714
723
720
707
683
651
612
569
523
477
435
396
363
338
323
316
322
338
365
399
440
483
525
564
602
635
666
695
718
722
717
699
673
639
599
555
509
463
422
386
356
332
320
318
326
347
375
412
453
496
538
576
613
645
675
703
722
722
712
693
664
627
585
541
494
450
410
375
346
326
318
318
330
354
386
424
467
509
550
588
622
654
684
711
723
721
708
685
653
616
572
526
480
438
399
365
338
322
315
319
335
362
395
435
479
520
560
597
631
663
692
717
724
719
703
678
644
604
560
514
469
427
389
358
334
320
317
323
343
370
407
447
491
532
571
607
640
671
699
721
723
715
696
668
632
592
546
500
456
415
379
349
328
317
317
328
348
379
416
459
501
542
582
616
649
679
706
721
720
708
687
656
620
576
531
485
441
402
368
340
321
314
315
330
354
386
426
469
511
552
589
624
656
685
712
720
716
702
678
645
606
562
517
471
428
391
359
332
317
312
316
334
361
394
435
479
520
560
598
631
663
692
715
718
711
693
667
632
591
547
501
456
415
379
347
325
312
309
320
340
369
405
447
490
532
571
607
641
672
699
717
716
706
685
656
619
577
532
485
441
402
367
338
317
308
308
321
343
376
414
457
500
541
580
615
648
678
705
716
713
700
677
645
607
564
517
471
428
390
357
330
314
307
310
325
352
385
425
469
511
552
590
624
656
686
710
715
710
694
667
633
593
549
502
457
416
379
348
324
309
306
313
331
359
396
437
480
523
563
599
634
664
693
713
714
705
685
657
621
579
534
487
443
404
369
338
318
306
306
316
338
369
407
449
492
534
573
609
642
673
701
714
712
700
678
647
609
566
521
474
431
393
360
332
313
305
307
322
346
379
419
462
505
546
585
619
651
681
708
715
710
695
670
638
598
555
509
463
421
385
352
326
310
306
311
328
355
390
431
474
517
557
594
629
660
690
711
714
707
689
662
627
586
541
496
450
410
375
343
321
308
306
315
336
366
402
445
488
530
569
605
639
670
698
715
714
704
683
654
617
575
530
483
440
400
366
337
317
307
309
321
344
377
415
459
502
543
581
616
649
679
706
716
713
700
677
645
606
563
517
471
428
391
357
331
315
308
312
328
354
389
430
472
515
555
593
628
659
688
713
717
712
695
669
635
595
550
504
459
418
381
350
326
312
310
317
336
366
402
443
487
529
568
605
638
669
697
718
719
710
691
662
627
585
539
493
449
409
374
343
323
311
312
323
345
376
414
458
500
541
580
615
648
678
706
720
719
707
684
654
616
573
527
481
439
399
366
338
320
312
315
330
356
388
429
471
513
554
592
626
658
687
714
722
717
702
678
645
606
562
517
470
428
390
359
333
636
666
695
717
720
713
695
668
633
593
549
503
458
417
381
350
329
316
314
324
344
373
411
452
495
536
575
611
644
674
702
719
718
708
687
658
621
579
534
488
445
405
370
342
323
313
315
327
351
382
422
464
506
548
585
620
652
683
709
718
715
702
678
647
609
565
520
474
433
394
361
334
319
312
316
333
358
393
433
476
519
559
596
630
662
691
715
719
714
697
671
638
598
554
508
462
421
384
354
330
316
314
321
340
368
405
446
489
531
570
606
640
670
699
717
717
708
688
660
624
582
537
491
447
407
373
343
322
313
312
325
346
378
415
458
500
542
580
616
649
678
706
719
717
705
682
651
614
570
525
479
436
397
364
337
319
311
314
328
353
385
425
469
510
551
589
624
656
685
712
717
713
698
673
641
601
559
512
467
425
387
355
330
316
311
317
334
362
397
437
481
523
563
599
634
664
693
715
717
710
692
665
630
591
546
500
455
414
379
348
326
314
312
323
343
372
410
451
494
535
575
610
643
674
702
718
717
706
685
656
619
578
532
486
442
404
369
341
322
313
314
327
351
382
421
464
506
548
585
620
652
682
709
718
715
701
678
646
607
564
518
473
430
392
360
333
318
312
317
333
359
395
434
478
520
560
597
631
662
692
716
720
714
697
672
637
597
553
506
461
420
383
353
328
316
312
320
339
369
404
446
489
531
570
606
640
670
699
717
717
708
689
660
624
582
537
491
447
407
372
344
323
313
313
325
347
378
417
460
502
543
581
617
650
679
706
719
717
704
682
651
613
570
525
479
436
397
364
337
320
313
315
331
355
388
427
471
512
553
591
625
657
686
712
717
713
697
672
640
601
557
511
466
424
388
355
331
316
313
318
337
364
399
439
482
524
564
601
635
666
694
716
717
710
692
664
630
589
545
500
455
414
379
348
327
316
314
324
345
375
412
455
497
538
577
613
645
676
703
719
718
707
686
656
620
578
533
487
443
405
370
341
323
313
316
329
352
384
423
465
508
549
587
621
654
684
710
717
714
700
677
644
606
563
517
472
430
392
360
335
320
314
319
336
363
398
438
481
523
563
599
634
664
693
716
719
712
695
668
633
594
549
502
458
417
380
350
327
314
311
321
340
369
406
447
490
532
571
608
641
671
699
717
718
708
689
660
624
582
537
492
447
407
373
343
324
313
314
327
349
380
419
461
504
546
583
618
651
681
708
717
715
702
679
648
611
568
522
477
434
397
363
337
320
313
318
333
360
393
433
476
518
558
595
629
661
690
714
718
713
697
672
638
598
554
508
462
421
384
352
329
315
312
318
338
366
401
444
486
528
568
604
637
668
697
718
719
711
693
665
629
589
544
497
452
412
377
346
324
314
312
322
344
374
411
453
496
537
576
612
645
675
703
717
716
705
685
654
618
575
529
483
440
401
367
339
321
313
314
329
352
385
425
467
510
551
588
623
655
684
711
718
715
700
676
644
605
561
516
470
428
390
357
333
316
312
317
334
360
395
436
479
521
561
598
632
663
693
716
719
713
695
669
634
594
549
503
458
418
381
350
327
314
313
321
341
370
407
448
492
533
572
609
642
672
700
718
718
708
688
659
623
582
537
491
447
407
372
343
324
315
315
328
351
382
421
464
506
547
585
620
652
682
709
719
717
704
681
649
611
569
523
477
435
396
364
337
320
314
318
334
360
394
434
477
519
559
596
631
662
691
716
721
716
700
674
641
601
557
511
466
424
388
357
333
319
316
323
343
371
407
448
491
532
572
608
642
672
700
720
721
712
693
666
630
589
544
498
454
413
378
349
328
318
318
329
350
381
419
462
504
545
583
618
650
680
708
722
721
709
688
657
620
577
532
486
442
404
370
343
324
318
320
334
359
392
431
474
517
557
594
628
660
689
715
724
720
706
682
649
610
567
521
475
433
395
363
338
323
318
324
341
368
403
443
486
528
568
604
637
668
697
720
723
717
700
673
640
599
555
509
464
422
386
355
334
321
319
328
349
378
416
457
500
541
579
615
647
678
705
723
723
713
692
663
628
585
540
495
451
411
376
347
329
319
320
334
357
388
427
469
511
552
590
624
657
686
712
722
719
705
682
650
612
570
524
478
436
397
364
339
322
317
322
338
364
399
438
481
523
563
600
634
665
694
718
722
716
700
674
640
600
556
509
464
423
386
355
331
318
315
323
343
371
407
448
491
533
572
608
641
672
700
719
720
711
692
664
628
586
541
495
451
411
376
347
326
316
316
328
349
380
418
462
503
544
583
619
650
681
708
720
718
705
683
652
614
571
526
480
437
398
364
338
320
313
316
331
356
389
430
472
514
555
555
508
463
421
384
352
327
312
307
313
332
359
394
435
478
521
561
598
632
663
692
714
716
709
691
664
629
588
544
497
453
411
376
345
323
311
309
318
339
368
406
447
490
532
571
607
640
672
699
715
714
704
683
653
617
574
530
483
439
400
367
338
319
309
311
325
348
379
418
461
504
545
583
618
651
681
707
716
713
699
676
643
605
562
516
470
428
390
357
331
314
309
313
329
356
390
430
473
516
556
593
628
659
689
712
717
711
694
668
634
593
549
503
459
417
380
350
326
313
311
319
337
367
402
444
487
529
568
604
639
669
697
715
716
707
687
658
622
581
536
490
447
406
372
342
322
312
312
325
346
378
416
458
501
543
581
616
649
679
706
717
716
703
681
650
612
569
523
477
434
396
362
336
318
311
315
331
355
388
428
472
514
554
592
626
658
687
712
718
713
698
673
640
600
556
510
465
423
387
354
330
316
312
319
337
365
400
442
484
526
566
603
636
667
696
717
718
711
692
664
629
588
543
497
453
412
376
346
324
312
311
321
342
372
409
452
494
536
575
611
644
674
702
717
716
705
684
655
618
575
531
484
441
402
367
339
321
312
314
328
351
384
423
465
507
548
587
621
653
683
710
717
714
699
675
643
604
561
515
469
427
390
357
333
317
312
316
333
359
393
434
477
520
560
597
631
662
691
714
717
711
693
666
632
591
548
501
456
415
379
348
325
312
310
319
338
368
405
446
489
531
571
607
640
671
699
717
717
708
688
659
623
581
536
490
446
407
371
342
322
312
311
324
347
377
415
458
501
542
581
616
648
678
706
717
715
702
679
648
610
568
522
476
433
395
362
335
318
311
315
330
356
390
429
472
514
555
592
626
659
687
712
717
712
697
672
638
600
555
509
464
422
386
353
330
315
311
318
336
364
399
440
484
525
565
601
636
666
695
715
716
708
690
662
627
586
541
495
450
410
374
345
323
311
311
321
342
372
410
453
495
537
575
611
644
674
702
717
716
705
683
653
617
574
528
482
439
400
366
337
319
311
312
326
350
382
422
465
507
548
586
621
653
683
709
717
714
699
675
643
604
561
515
469
427
389
357
331
315
310
316
333
359
394
435
478
521
560
597
631
663
692
715
718
712
694
668
633
594
549
502
457
416
381
349
326
314
312
320
341
369
406
449
491
533
572
608
641
672
700
718
718
708
688
659
624
581
536
490
446
406
371
343
323
314
314
326
350
380
419
462
504
545
584
619
651
681
708
719
717
704
681
651
612
569
523
477
435
396
364
336
320
313
317
333
358
391
431
474
517
557
594
628
660
689
714
719
715
698
672
639
599
556
510
465
424
387
355
332
319
315
322
341
369
404
445
488
530
570
606
639
670
698
718
720
712
693
665
629
589
545
498
454
413
377
348
327
316
315
326
347
378
416
458
501
542
580
616
648
678
706
721
720
709
688
657
620
577
532
486
443
404
370
341
324
315
317
332
357
389
428
471
513
554
591
627
658
687
713
721
718
704
679
647
608
565
519
474
432
393
361
336
321
316
321
338
366
400
440
483
525
565
601
635
667
695
718
722
715
697
671
635
595
551
504
459
418
382
351
328
317
315
324
343
373
410
452
496
537
575
612
644
675
703
721
721
712
691
662
626
584
539
493
448
409
374
344
325
315
315
328
350
382
420
463
505
547
585
619
652
682
709
720
718
705
682
651
613
570
524
478
435
397
364
337
320
315
318
334
359
393
433
476
517
558
595
629
661
690
715
720
715
699
674
640
601
557
510
465
423
387
355
331
317
313
320
340
367
403
444
487
530
568
605
639
669
697
718
720
711
692
664
629
588
542
496
452
412
376
346
325
314
313
324
345
376
413
456
499
540
579
614
647
677
705
720
720
708
686
656
620
577
532
487
442
403
370
341
324
315
318
333
356
390
428
471
514
554
591
627
658
687
713
721
717
703
678
646
607
563
518
471
430
391
359
334
319
313
320
337
364
399
440
483
525
565
601
636
666
696
718
721
714
697
670
635
596
550
504
459
418
383
351
330
317
315
324
344
375
411
454
496
537
577
612
645
675
704
720
720
710
689
661
623
581
536
490
446
407
372
344
324
316
316
330
353
385
423
466
509
550
587
623
654
685
711
721
719
705
682
650
612
569
523
477
434
396
364
337
322
315
319
337
362
397
438
480
523
562
599
633
664
693
718
722
717
700
674
640
600
556
510
465
423
387
355
331
319
315
323
342
371
407
450
492
534
573
609
642
672
701
720
721
713
693
665
629
587
542
496
451
411
376
346
326
315
315
326
349
379
417
460
502
544
582
617
650
680
707
722
720
709
687
656
325
349
382
421
464
507
548
586
620
653
682
709
717
713
699
675
643
604
560
514
469
427
389
356
331
315
310
315
332
359
393
435
477
519
560
597
631
662
691
714
717
710
693
666
632
592
547
501
456
415
379
348
325
313
310
320
340
369
406
447
490
532
571
607
641
672
699
717
717
707
687
659
622
580
535
489
445
405
370
341
322
312
313
326
349
380
420
462
504
545
584
619
651
681
708
719
716
703
680
649
610
567
521
476
433
395
361
335
318
312
315
331
357
391
431
475
517
557
594
628
661
689
714
720
715
699
673
639
599
555
509
464
422
386
354
330
316
313
321
339
369
404
445
489
530
569
605
639
670
698
719
720
712
693
665
629
588
543
497
453
413
376
346
326
315
315
325
347
377
415
458
500
542
580
616
648
678
706
720
718
707
686
655
618
575
530
483
440
401
367
339
321
313
315
330
354
386
426
469
511
552
590
625
656
686
712
721
717
703
678
646
607
564
518
472
429
392
359
335
319
314
320
337
365
399
440
483
525
564
602
635
666
695
718
721
714
696
670
635
594
550
504
459
418
381
351
329
316
314
323
343
373
410
452
496
536
576
611
644
674
702
721
721
711
690
661
624
583
537
491
447
407
373
343
324
315
316
329
352
384
422
465
508
549
587
621
654
683
710
721
719
706
682
651
612
570
523
478
434
396
362
337
319
313
318
334
360
394
435
478
520
560
597
631
662
692
716
721
716
699
674
640
600
555
509
464
422
386
354
330
316
313
321
340
369
404
446
489
531
570
606
639
670
699
719
720
712
693
664
629
588
542
496
451
412
376
346
325
314
314
325
348
378
416
458
501
542
580
616
649
678
706
719
718
706
684
654
616
573
528
481
438
399
366
338
320
313
315
330
355
388
428
471
513
554
591
626
657
687
713
720
716
701
676
643
604
560
513
468
425
388
356
331
316
312
317
336
362
397
439
481
523
563
600
634
665
694
717
720
713
695
669
633
592
548
501
456
415
380
349
326
314
312
323
342
372
408
451
494
535
574
610
643
674
702
719
719
709
688
658
622
580
534
488
444
404
370
342
322
313
314
327
351
382
422
464
507
548
586
621
653
683
709
719
717
703
679
648
608
565
519
473
430
393
359
333
317
311
316
332
358
393
434
477
520
559
596
631
662
691
715
720
714
697
671
637
596
552
506
460
419
382
351
327
314
310
318
337
367
402
445
487
530
569
605
638
669
698
718
718
710
690
662
625
584
539
493
448
408
373
343
323
312
312
323
346
377
415
457
500
542
580
615
648
678
706
719
717
705
682
652
614
571
526
479
436
398
364
337
319
311
315
330
354
388
427
471
513
553
592
625
657
687
713
719
715
699
675
641
602
558
512
466
425
387
355
330
315
311
318
335
362
398
439
482
524
564
600
635
665
694
716
719
712
694
667
632
591
546
500
455
414
378
347
326
313
312
322
342
373
409
451
494
536
575
611
644
674
702
719
718
708
687
657
620
578
532
486
443
403
368
341
321
312
315
328
351
385
423
466
508
549
587
622
654
684
711
721
718
704
680
648
609
565
519
473
431
392
360
334
318
313
317
334
360
394
434
478
520
560
597
631
662
691
716
720
715
698
671
638
597
553
506
461
420
383
352
329
316
313
323
342
371
407
449
492
534
574
610
642
673
701
720
721
712
692
663
627
585
540
493
449
409
374
344
325
314
315
328
349
381
419
462
505
546
584
619
651
682
708
720
718
706
683
652
614
571
525
480
436
397
364
337
320
312
316
332
356
391
430
473
515
555
593
627
659
688
714
720
716
700
675
641
602
557
511
466
424
387
355
330
316
312
318
336
365
399
441
484
526
565
603
636
667
695
717
719
711
693
665
631
589
545
497
453
412
376
346
324
313
311
321
343
374
410
453
495
537
576
612
644
675
703
719
718
707
686
656
618
577
530
484
440
401
366
338
319
312
314
327
351
385
423
467
509
549
588
622
654
684
711
719
716
702
678
646
607
563
517
471
428
391
358
332
316
310
315
332
359
394
434
478
520
560
597
631
662
691
715
719
713
696
669
635
594
550
503
458
418
380
349
327
313
312
320
340
369
407
448
492
533
572
608
641
672
700
719
719
709
689
660
623
581
536
490
445
406
371
342
322
312
313
325
349
380
419
462
504
545
584
619
651
681
708
720
718
706
683
652
613
570
524
478
435
398
363
337
319
313
317
332
357
391
432
474
516
558
594
628
661
689
714
719
715
699
674
640
600
557
510
465
423
386
354
330
316
312
321
339
367
403
444
487
529
569
605
638
669
697
718
720
712
693
666
630
588
543
497
452
412
376
345
324
312
672
699
716
716
705
685
655
618
576
531
484
440
401
366
337
318
309
309
323
345
377
417
460
502
544
582
617
649
680
707
717
714
701
677
646
607
564
518
473
429
391
359
332
315
309
313
329
356
389
430
474
515
556
594
627
659
688
713
717
712
696
670
636
596
551
505
460
418
382
350
327
313
309
318
336
365
401
443
485
527
567
603
638
668
696
717
717
709
690
661
626
584
539
493
448
408
374
343
322
311
311
323
344
374
413
454
497
539
578
613
646
676
704
717
715
703
681
651
613
570
525
479
436
397
363
336
318
310
313
327
351
384
424
467
510
550
589
623
655
685
711
717
713
699
674
641
602
559
513
466
424
387
356
330
315
310
316
335
361
396
437
480
522
562
599
633
664
693
715
717
710
692
665
630
589
544
498
453
413
377
347
324
312
310
321
341
371
408
451
494
535
574
610
643
673
701
718
717
707
686
656
619
577
532
485
442
402
369
339
321
311
313
327
349
382
420
463
506
547
585
620
652
683
709
718
715
701
678
646
608
564
519
473
430
393
359
334
317
311
317
333
359
393
434
477
519
559
596
630
662
691
715
719
713
697
670
637
596
552
506
461
420
383
352
329
316
313
322
341
369
405
447
490
531
571
607
640
671
699
718
719
710
690
662
626
585
540
494
449
410
375
345
324
315
315
327
350
380
419
462
503
545
584
618
650
680
708
721
719
706
684
653
615
573
528
481
439
399
366
339
322
314
317
332
357
391
430
473
515
557
593
628
660
689
715
721
717
702
677
644
605
561
516
469
427
390
358
333
319
315
321
340
367
402
444
486
528
568
604
637
668
697
719
722
714
696
669
634
593
548
502
457
417
380
351
328
318
316
326
347
377
414
456
499
541
579
615
647
678
705
722
721
710
689
660
623
581
535
489
446
406
371
343
325
316
318
331
356
388
427
471
512
553
590
626
657
686
713
722
719
705
681
649
610
567
521
476
433
395
363
336
321
316
321
338
365
399
440
483
525
565
601
635
666
695
718
722
716
698
672
637
597
552
506
461
421
383
353
330
317
316
324
345
373
411
453
495
537
576
611
644
675
703
722
722
712
692
663
626
584
539
492
448
409
373
344
324
315
315
327
350
381
421
463
505
546
584
620
652
682
709
721
719
706
684
652
615
572
526
481
437
398
365
338
321
315
319
334
360
393
434
476
518
559
596
630
661
690
716
721
716
700
674
641
601
557
511
465
424
387
355
331
317
313
321
339
368
404
445
488
529
570
605
639
669
698
719
721
713
694
666
631
590
545
498
454
413
378
347
327
315
314
324
346
377
413
455
498
540
578
615
647
677
705
720
718
707
686
656
618
577
531
484
441
402
368
340
322
314
316
330
354
387
426
469
511
552
590
624
656
686
712
720
716
702
678
645
606
562
517
471
428
391
359
332
317
312
318
335
362
397
438
482
524
564
600
634
665
694
718
721
715
698
671
636
597
551
505
460
419
382
351
328
315
314
322
342
372
409
450
493
535
574
610
643
673
702
719
719
710
689
660
624
582
537
490
446
407
371
343
323
314
314
326
350
382
420
463
505
547
585
620
652
682
709
720
718
705
682
651
612
569
523
476
433
395
362
335
318
311
316
331
357
391
431
474
517
557
594
628
660
689
715
720
715
699
673
639
600
555
509
464
422
386
353
330
315
313
319
339
366
402
443
486
528
568
604
638
669
697
718
719
711
691
663
627
587
541
495
450
411
375
345
324
313
313
324
346
376
414
457
499
541
579
616
648
678
705
720
718
706
684
653
615
573
527
481
438
399
365
337
320
311
315
329
354
387
426
469
511
552
590
624
656
686
712
719
715
700
675
642
603
559
513
467
425
388
355
331
315
310
317
334
361
396
437
480
522
563
599
633
664
693
716
718
711
694
666
632
591
547
500
456
415
379
348
325
314
312
322
342
371
409
451
494
535
574
610
643
674
702
719
718
708
687
658
621
579
534
487
444
404
369
341
322
312
314
328
351
383
422
464
507
548
586
621
653
683
710
720
717
704
681
649
611
568
522
477
433
395
363
336
319
313
318
335
360
394
435
477
520
560
597
631
662
691
716
721
716
700
674
640
600
556
510
464
422
386
354
331
317
315
322
343
370
407
448
491
533
572
608
641
672
700
721
722
713
694
665
630
588
543
497
452
413
377
347
327
316
317
328
350
381
419
461
504
545
583
618
651
681
708
723
721
709
687
656
619
576
530
484
441
402
368
341
323
315
319
334
359
392
431
475
516
558
594
628
661
689
715
723
719
704
679
647
607
563
517
471
429
391
359
334
319
315
321
339
368
402
444
486
528
567
604
491
447
406
372
342
321
310
311
322
344
375
413
456
499
540
579
615
647
677
705
717
715
703
681
650
612
569
523
477
435
395
362
334
318
310
314
329
352
386
425
469
511
552
590
624
656
686
711
717
713
698
673
640
600
556
510
465
423
386
354
329
315
311
317
335
362
398
439
482
524
565
601
635
666
694
716
718
710
692
664
629
588
542
497
451
412
375
346
323
311
311
321
341
372
409
451
494
536
575
611
644
674
702
719
718
707
686
656
619
577
531
485
441
402
368
339
321
312
314
327
351
383
422
466
508
549
587
622
654
683
710
720
716
703
679
647
608
565
520
473
431
393
360
334
319
314
319
336
362
397
437
481
523
563
599
634
664
693
717
721
715
698
671
637
596
553
506
461
419
383
352
329
316
314
323
342
372
408
450
493
535
574
610
643
673
701
721
722
712
693
664
627
585
541
494
449
410
374
346
325
315
315
328
351
382
420
463
506
547
585
620
652
682
709
722
720
707
685
654
616
573
527
481
438
399
366
340
322
315
319
335
360
393
434
477
518
560
596
630
661
691
716
722
717
702
676
643
603
559
512
467
425
387
356
331
318
313
321
339
367
403
444
487
529
569
605
639
669
698
719
721
713
694
667
631
590
545
498
453
413
378
348
326
315
314
325
346
377
414
457
499
541
579
616
648
678
705
720
719
708
686
656
618
577
530
484
441
402
368
340
321
313
316
331
354
386
426
469
511
552
590
624
656
686
712
720
716
702
677
644
605
562
516
470
428
390
358
333
317
312
317
336
362
397
438
481
523
563
600
634
665
694
717
720
713
695
668
634
593
548
501
456
415
380
348
325
314
311
321
340
370
407
449
492
534
573
609
642
672
701
719
718
708
688
659
622
580
535
489
445
405
370
342
322
312
313
326
349
380
420
462
505
546
584
619
651
682
708
719
717
704
681
649
611
567
522
476
433
394
361
336
319
312
316
332
357
392
432
475
517
558
595
629
661
690
715
720
715
699
673
639
600
555
509
464
423
385
353
330
316
313
320
339
367
403
445
488
530
570
605
639
670
698
719
721
712
693
666
630
589
544
497
453
412
377
348
326
315
314
325
348
377
415
459
501
542
580
616
648
678
706
722
720
709
687
657
620
577
532
485
442
403
368
341
323
314
316
331
355
388
427
471
513
554
591
626
657
687
713
721
718
703
679
646
607
564
518
472
430
392
359
335
319
315
321
338
366
401
442
485
527
567
603
637
668
696
720
723
716
698
672
636
595
551
504
459
419
382
351
329
317
314
324
345
374
411
454
497
538
576
613
645
675
703
721
721
711
690
661
625
583
537
491
447
407
372
344
325
317
318
331
354
386
426
468
510
551
589
624
655
685
712
723
720
707
683
652
613
570
524
477
435
396
364
337
321
315
320
335
362
396
436
480
522
562
599
633
664
693
718
723
717
701
675
641
601
557
510
465
423
387
355
331
319
315
323
342
372
407
449
493
534
573
609
642
673
701
722
722
714
695
666
631
589
544
498
453
413
377
349
327
317
317
329
350
382
419
462
504
545
584
619
651
681
708
722
721
709
687
656
618
575
530
484
440
402
367
341
323
314
318
332
357
390
430
473
515
556
593
627
659
688
715
722
718
703
679
646
607
563
517
471
430
391
360
334
319
315
321
339
366
401
443
485
528
567
603
637
668
696
719
722
715
697
670
635
594
549
503
458
417
381
350
329
316
315
325
346
375
413
455
498
539
578
613
647
676
704
721
721
710
690
660
623
580
536
489
445
406
371
343
324
315
317
330
355
386
425
468
511
552
589
624
656
685
712
722
719
706
682
650
611
567
521
475
432
394
361
336
320
315
319
336
363
396
438
480
522
562
599
633
664
694
718
723
717
700
674
640
599
555
509
464
422
386
355
331
319
316
324
344
373
409
451
494
535
575
610
643
674
702
722
722
713
693
665
629
587
542
496
451
411
377
347
326
317
317
329
352
383
421
465
506
548
586
620
653
682
710
723
721
709
686
656
618
575
530
483
440
401
367
340
323
315
319
335
359
394
433
476
519
559
596
630
662
691
717
724
720
704
679
647
606
563
516
470
428
390
358
334
319
315
322
340
368
403
445
487
529
569
605
639
669
698
720
722
715
697
669
634
593
548
502
457
416
381
349
328
316
315
325
346
376
413
456
499
540
579
614
647
677
705
722
721
710
690
660
623
580
534
488
444
405
370
343
323
314
317
330
353
386
425
468
511
552
589
624
656
685
712
721
719
704
680
648
609
566
519
473
431
393
360
335
318
314
319
335
363
397
437
480
522
562
599
633
664
693
717
720
714
697
670
637
595
372
410
454
496
538
577
612
645
675
703
717
715
703
681
651
613
570
524
478
435
397
362
335
317
309
312
326
350
384
423
467
509
550
589
623
655
684
711
717
713
698
673
640
600
556
510
464
422
386
353
327
313
308
314
332
360
395
438
480
523
563
600
633
665
694
716
719
712
693
666
630
589
544
497
452
412
376
345
322
311
308
319
339
370
407
449
493
535
574
609
642
673
701
718
718
707
687
657
620
578
532
486
442
403
368
340
321
312
314
328
351
384
423
465
508
549
587
622
654
683
710
720
717
703
680
648
609
566
520
474
432
393
361
334
318
312
317
333
360
394
435
478
520
560
598
631
663
692
716
721
716
699
673
640
599
555
508
463
421
385
353
331
317
313
322
341
369
407
448
491
533
572
608
641
672
700
721
721
713
694
665
629
588
543
497
452
413
376
347
326
317
316
328
350
381
419
462
504
546
584
620
651
681
708
723
721
709
688
656
618
576
530
484
440
402
367
341
322
315
318
333
359
393
432
475
518
558
595
629
661
690
716
724
720
705
681
647
608
564
517
471
429
392
360
334
319
316
322
340
368
403
445
488
530
569
605
640
670
698
721
724
717
698
671
636
595
550
503
458
418
382
351
329
317
317
326
347
377
414
457
499
541
579
615
647
678
705
722
721
710
689
660
622
581
535
489
446
406
371
343
325
317
318
331
356
387
427
469
511
552
590
624
657
686
712
722
718
704
680
648
609
566
520
474
432
394
361
336
320
314
320
337
364
397
438
481
523
563
600
633
665
693
717
721
714
697
671
636
596
551
505
461
419
382
352
328
316
314
322
342
371
407
450
493
534
574
609
642
673
701
720
720
711
691
662
627
584
539
493
448
409
373
344
324
314
315
326
349
380
418
462
504
545
583
618
651
681
708
721
719
706
684
653
614
571
525
479
437
398
364
338
320
313
318
333
358
392
432
476
517
558
595
629
661
690
716
722
717
702
676
643
603
559
513
467
425
388
356
332
318
313
320
340
367
403
445
488
530
569
605
639
670
698
720
722
715
696
668
633
591
546
500
455
414
379
349
328
316
315
326
347
378
416
458
501
542
580
616
648
678
706
722
720
709
688
658
621
578
533
486
443
403
369
342
324
316
319
333
357
389
429
472
514
554
592
627
658
687
714
722
718
704
680
647
608
565
519
473
431
393
360
336
320
314
321
337
365
400
441
484
527
566
602
636
667
695
719
722
715
698
671
637
597
551
505
459
418
382
351
328
316
314
323
343
373
411
452
495
537
576
611
645
675
703
721
721
711
691
662
625
583
538
491
447
407
372
343
324
315
315
328
351
382
422
464
507
548
585
621
653
682
709
721
718
705
682
651
612
570
524
477
435
396
362
337
319
313
317
333
359
392
433
476
518
559
596
630
661
691
716
721
716
699
674
640
599
555
508
463
421
385
352
329
314
312
319
337
366
402
444
487
529
569
605
638
669
698
718
719
710
691
662
626
585
541
493
449
410
373
344
322
312
312
323
345
376
414
457
499
541
579
616
648
678
705
719
718
706
684
653
615
572
526
480
437
398
364
336
319
311
313
329
353
386
425
469
511
552
590
624
656
686
712
719
715
700
675
642
603
559
513
467
426
389
356
331
316
311
318
335
362
398
439
482
525
564
601
634
666
694
716
719
711
693
666
631
590
545
499
454
413
378
347
325
313
311
321
342
371
409
451
495
536
575
610
644
674
702
719
719
708
687
657
620
578
533
487
444
403
369
340
320
312
312
326
350
381
419
463
506
546
584
619
651
681
708
718
715
702
679
647
608
565
519
473
430
392
359
334
317
311
315
332
358
392
432
475
518
558
595
629
662
690
714
719
713
696
670
637
596
552
505
460
419
382
352
327
314
311
319
338
368
404
446
489
531
570
606
639
670
699
718
719
710
690
661
625
583
538
491
447
407
373
343
322
312
311
324
345
377
415
459
501
542
581
616
649
679
706
720
718
706
683
652
614
571
525
479
436
397
364
337
319
312
314
330
355
388
429
471
514
554
592
627
658
687
713
720
715
700
674
641
602
558
511
466
424
387
355
330
315
312
318
336
363
399
441
485
526
566
603
636
667
696
718
720
712
694
666
631
590
545
498
454
413
377
347
325
313
312
322
343
374
412
453
496
538
577
612
646
675
703
720
719
708
687
657
621
578
533
487
444
403
369
341
322
313
315
329
353
385
424
468
509
550
588
623
655
684
711
720
717
703
679
646
607
563
518
471
429
391
359
333
317
312
316
333
360
394
435
479
521
562
598
632
663
692
717
721
715
698
672
637
598
553
507
461
420
383
353
329
316
313
321
518
516
516
516
515
515
515
515
515
515
516
516
516
517
518
518
518
518
519
519
519
519
519
518
518
518
517
517
516
516
516
515
515
516
515
515
515
515
515
516
516
516
516
516
517
517
517
518
517
517
517
517
517
517
516
516
516
515
515
515
516
515
515
515
515
515
516
515
516
516
517
516
516
516
516
516
517
517
517
517
516
516
516
516
516
516
516
516
516
516
516
516
517
516
516
517
517
518
517
518
517
517
517
517
517
517
517
517
517
518
517
516
516
516
516
516
516
516
516
516
516
516
516
517
517
518
517
517
517
517
517
517
517
517
517
518
518
518
517
517
517
517
517
517
517
517
517
517
518
518
518
518
518
519
518
519
519
519
518
518
518
518
518
518
517
517
517
518
517
517
517
517
517
518
518
518
519
518
519
518
519
519
519
519
519
519
519
519
519
518
518
518
518
519
518
518
518
518
518
518
518
518
518
518
519
520
519
520
520
520
520
520
520
520
520
520
520
519
519
519
518
518
518
519
518
518
518
519
518
518
518
519
518
519
519
519
519
519
519
519
519
519
518
518
518
518
517
517
517
516
516
516
515
515
516
515
516
515
516
516
517
517
517
517
518
517
517
517
517
517
517
517
516
516
516
516
515
515
515
514
514
514
514
513
513
514
514
514
515
516
515
516
516
516
516
516
516
516
516
515
515
514
514
514
513
513
512
512
512
512
512
512
512
512
512
512
512
513
513
513
513
513
513
513
513
513
514
513
513
512
512
512
513
512
512
511
511
511
511
512
511
512
512
513
513
513
513
513
513
513
513
513
513
513
514
513
512
512
513
511
511
511
511
510
510
510
510
510
511
511
512
511
511
512
512
512
512
512
512
512
512
512
512
512
512
511
511
511
511
510
510
511
510
510
511
510
511
511
511
511
512
512
512
512
512
512
513
513
512
512
512
512
512
512
511
511
511
511
511
512
511
511
512
512
512
513
513
513
513
513
514
514
515
514
515
515
514
515
514
514
514
513
513
513
512
512
512
512
513
512
512
512
513
513
513
514
514
514
514
514
514
514
514
514
514
514
514
514
513
513
513
514
513
513
513
513
513
513
513
514
514
514
514
515
515
515
515
515
516
516
516
515
515
515
515
514
514
514
514
514
515
514
514
514
514
514
514
514
514
514
515
514
514
514
514
514
515
515
515
515
515
515
515
515
516
515
515
516
515
515
515
515
516
515
515
515
515
515
515
515
515
516
515
515
515
516
515
515
515
515
515
515
515
514
514
514
514
515
515
515
515
515
515
516
515
516
516
516
516
516
516
517
516
516
516
516
516
516
515
515
515
516
515
515
515
514
514
514
514
514
514
515
515
515
515
516
515
515
515
516
515
516
515
515
515
515
516
515
515
515
515
514
514
514
514
513
513
513
513
513
514
514
514
514
515
514
514
514
515
515
515
515
515
515
515
514
514
514
514
514
514
514
514
514
514
514
515
515
515
516
515
515
515
515
515
516
515
515
515
515
514
514
514
515
514
513
513
513
513
513
513
513
513
514
514
514
514
514
515
514
514
514
515
515
514
514
514
514
514
514
514
514
514
514
514
515
515
515
515
515
515
515
515
515
515
516
515
515
515
515
515
515
515
515
515
515
515
515
514
514
514
514
514
514
515
515
515
516
515
515
516
515
516
516
516
515
515
515
515
515
516
515
516
515
516
515
515
515
515
516
515
515
515
515
515
515
515
516
515
515
516
516
516
516
517
516
516
516
516
516
517
517
517
516
516
516
516
516
516
517
517
518
517
517
517
517
517
517
518
517
517
517
517
517
517
517
517
517
518
517
517
517
517
517
517
517
516
516
516
516
516
516
517
517
517
517
517
517
517
518
518
518
518
518
518
518
518
518
518
518
518
518
518
519
518
518
518
518
518
519
518
518
519
519
518
518
518
518
519
518
518
518
518
518
518
518
518
518
518
518
518
518
518
518
518
518
518
518
518
518
518
518
519
519
519
519
519
519
519
519
519
519
519
519
519
520
519
519
519
518
519
519
519
519
519
518
518
518
518
519
519
519
519
519
519
520
519
519
519
519
518
519
518
518
518
518
518
518
517
517
517
517
517
518
517
518
517
518
517
517
517
517
517
517
517
518
518
518
517
517
517
517
517
517
518
518
517
517
517
517
517
517
517
517
518
517
517
518
517
517
517
517
517
517
516
516
516
516
516
516
516
515
515
515
515
515
516
515
514
514
514
514
514
514
514
514
514
515
515
515
515
516
516
515
516
516
516
516
516
516
516
516
516
516
517
516
516
516
516
516
517
516
516
516
516
516
517
517
517
517
517
517
516
516
520
519
519
519
519
518
518
518
518
519
518
517
518
517
518
517
516
516
516
517
516
516
516
516
516
515
515
515
515
515
515
515
515
515
516
515
515
515
515
516
515
515
515
516
515
515
515
515
515
515
515
515
515
514
514
514
514
514
514
514
513
513
513
513
514
513
514
513
513
513
513
513
513
513
513
513
513
513
513
513
514
513
513
513
513
512
512
512
513
512
512
512
513
513
512
512
513
512
512
512
511
511
511
511
511
511
511
511
511
511
511
510
510
510
510
510
510
510
510
510
510
510
510
510
510
511
510
510
510
510
510
509
509
509
510
510
510
510
510
510
509
509
509
510
510
510
510
510
510
510
510
510
510
510
510
510
510
510
509
509
509
509
509
510
509
509
509
509
509
509
509
509
509
510
510
510
510
510
510
510
510
510
510
511
510
510
510
510
510
510
510
510
511
511
511
511
511
511
511
511
511
512
512
512
512
512
513
512
512
512
513
513
513
513
514
514
513
514
514
513
513
513
513
513
513
513
513
514
513
513
513
514
514
514
514
514
514
514
514
514
514
515
515
515
515
515
515
515
515
516
515
515
516
516
516
516
516
516
516
516
516
517
516
516
516
517
517
517
517
518
517
517
517
518
518
518
518
518
519
518
518
518
518
518
518
518
518
518
518
518
518
519
518
518
519
519
519
519
519
519
519
518
519
519
519
519
519
518
518
518
518
518
518
518
518
518
518
518
518
518
518
519
519
520
519
519
519
519
519
519
519
519
519
519
519
519
519
519
519
519
519
519
519
519
519
519
520
519
519
519
519
519
519
519
519
519
519
519
519
519
519
519
519
519
520
519
519
519
518
518
518
518
519
519
519
520
519
519
519
519
519
519
519
519
519
519
519
519
519
519
519
519
519
519
519
518
518
518
518
519
519
519
518
518
518
518
518
518
518
518
518
518
518
518
518
518
518
518
518
518
519
518
518
518
518
518
518
517
517
517
517
517
517
518
518
518
519
519
519
519
519
519
519
519
519
518
518
518
518
518
518
519
518
518
518
518
518
519
519
519
519
519
519
520
520
520
520
520
520
519
519
519
519
519
519
519
519
519
519
518
518
518
518
518
518
518
518
518
519
519
519
519
519
519
519
519
519
520
519
519
519
519
519
519
519
519
519
520
519
519
520
519
519
519
518
518
518
518
518
518
517
517
517
517
518
517
517
517
517
517
517
517
518
517
517
518
518
517
517
517
517
517
517
517
517
517
517
517
517
517
517
517
517
518
517
517
517
516
516
516
516
516
517
517
517
516
516
516
516
516
516
516
516
516
516
516
516
516
516
516
516
516
516
515
516
516
516
516
515
515
515
515
515
516
515
515
515
514
514
514
514
514
514
514
514
514
514
514
515
514
514
514
514
515
514
514
514
514
514
514
514
514
514
514
514
514
514
514
514
514
514
514
514
514
514
515
515
515
515
515
515
515
515
515
516
516
515
515
515
515
515
516
515
515
515
516
515
515
515
515
515
515
515
515
515
515
515
515
515
515
515
515
515
515
515
515
515
515
515
515
515
515
515
515
515
516
516
517
516
516
516
516
516
516
516
516
517
516
516
517
517
516
517
516
516
516
515
516
516
516
516
516
516
516
516
516
516
516
516
516
516
516
516
516
516
516
516
516
516
516
517
517
517
518
518
517
517
517
517
518
518
518
518
518
518
518
518
519
519
519
519
519
519
519
518
519
518
518
518
518
518
518
518
518
517
517
517
517
517
517
517
517
517
517
517
517
517
517
517
517
518
518
518
518
518
518
519
519
519
520
519
519
519
519
519
519
519
518
518
518
518
518
518
518
518
518
518
518
519
518
518
518
517
517
517
517
518
517
518
517
517
518
518
518
518
518
518
518
518
517
518
517
518
518
518
518
518
519
518
518
517
517
517
517
517
516
516
516
516
516
516
516
516
516
516
516
516
516
516
516
517
517
516
517
517
517
517
516
516
516
516
516
516
516
516
516
516
516
516
516
517
516
516
516
516
516
516
517
516
516
517
516
516
516
516
516
516
516
516
516
516
516
516
516
516
516
516
516
516
516
516
516
516
516
517
517
516
516
516
516
516
517
516
517
516
516
516
516
517
517
517
517
517
517
517
517
517
517
517
517
517
518
517
517
517
518
517
517
517
517
517
517
517
517
517
517
517
517
517
517
517
517
517
516
516
516
517
516
516
515
515
515
515
515
515
515
515
515
515
515
516
516
517
516
516
516
516
517
516
516
516
515
515
515
515
515
515
515
515
516
516
516
515
515
515
515
515
515
515
515
514
514
514
514
514
514
514
514
514
514
513
513
514
514
327
353
387
428
471
513
554
591
627
658
687
714
724
720
705
680
648
607
562
515
468
426
389
356
330
316
311
318
336
363
399
441
484
527
566
603
636
667
697
720
724
717
699
672
636
595
549
502
457
417
380
349
326
315
313
323
344
374
412
455
498
539
578
613
646
677
705
723
723
712
692
662
624
582
536
489
444
405
370
342
323
313
316
329
352
385
424
467
510
551
589
623
655
686
712
723
720
707
683
651
613
569
522
476
433
396
361
335
320
313
319
335
361
396
436
480
521
562
598
633
664
692
717
722
716
699
673
639
599
554
507
462
421
384
352
329
316
313
322
342
370
407
449
492
534
573
609
642
672
701
720
721
712
692
663
626
585
539
492
448
408
373
344
323
313
313
326
348
379
418
460
503
545
583
618
650
681
708
721
718
706
683
651
613
569
523
477
434
395
362
335
317
310
314
329
353
387
427
471
514
554
591
626
657
687
713
719
714
699
673
640
599
556
509
463
421
384
352
327
312
308
315
333
362
398
439
482
525
565
601
635
666
695
717
719
711
692
665
628
586
540
493
448
408
372
342
320
308
306
316
338
368
405
448
491
534
573
609
642
672
700
717
716
704
683
652
614
572
525
479
435
396
362
333
314
305
306
321
344
377
417
460
503
545
583
618
650
680
707
717
713
699
674
641
602
558
511
465
423
385
353
326
309
303
308
325
352
387
428
471
514
555
592
627
658
688
712
717
710
692
666
631
590
545
498
452
412
375
345
320
308
305
313
332
362
399
441
485
527
567
603
637
668
696
715
716
706
686
657
620
578
532
486
441
402
367
337
317
307
307
320
342
374
412
455
499
540
579
614
647
677
704
717
715
702
679
649
609
567
520
473
430
392
359
332
314
306
310
325
351
383
424
468
511
551
589
623
655
685
711
717
712
696
671
638
598
553
507
462
420
383
351
326
311
308
314
332
359
395
437
480
522
562
600
633
664
694
715
717
709
690
663
627
586
541
494
450
409
373
343
320
309
308
317
339
368
406
448
491
533
572
609
641
672
700
717
715
704
683
653
616
573
528
481
438
399
364
337
317
308
310
323
347
378
418
461
503
545
583
618
650
680
707
716
714
700
676
643
605
561
515
469
426
389
356
330
313
307
312
328
355
389
429
473
515
556
593
627
659
688
712
715
709
692
665
631
590
546
500
454
413
377
347
323
309
307
315
335
363
399
441
485
528
567
603
637
668
696
714
715
705
685
656
619
578
532
486
442
402
368
338
317
308
307
319
341
373
411
453
497
538
577
612
645
675
703
714
712
699
677
645
608
564
518
472
430
392
358
331
313
307
310
325
350
383
424
466
509
550
588
622
655
684
709
714
709
694
668
634
595
551
504
459
418
381
349
325
310
306
313
331
359
394
436
479
521
562
598
633
664
692
713
714
706
687
659
623
582
537
490
446
406
371
340
319
307
306
317
337
368
406
447
491
533
572
608
641
672
700
714
713
702
681
650
614
571
525
479
435
397
362
334
316
308
309
324
347
380
419
463
505
546
584
619
651
681
708
716
713
698
674
641
602
558
512
466
424
387
354
329
314
308
313
330
357
392
433
476
519
559
597
630
661
690
714
717
711
693
667
632
591
547
500
455
415
378
348
324
311
309
318
338
367
404
446
489
531
571
607
641
671
699
718
718
708
688
660
623
581
535
489
445
405
370
341
321
311
311
324
347
378
416
459
502
543
582
617
649
679
707
719
717
704
681
651
612
569
523
477
434
395
363
335
319
312
316
331
357
391
431
475
517
557
594
629
661
689
715
721
716
700
675
641
601
557
511
466
424
386
355
331
317
313
320
339
367
402
444
488
530
569
605
638
669
698
719
721
713
694
666
631
589
545
498
454
413
377
347
326
315
314
325
346
378
415
457
500
542
580
615
649
678
706
721
720
710
688
657
621
577
532
485
442
403
368
341
323
314
316
331
356
388
427
471
512
554
591
625
657
687
713
721
718
703
679
647
607
563
518
471
430
391
359
334
317
313
318
335
362
397
437
481
523
563
600
633
665
693
717
721
714
697
670
635
594
550
504
458
417
382
350
327
316
313
323
342
371
409
450
494
536
574
610
643
673
701
720
720
710
690
661
624
582
537
491
446
407
372
343
323
314
315
327
350
382
420
463
506
547
585
620
652
682
709
721
718
705
682
650
612
569
523
477
434
396
362
336
320
313
317
332
359
392
433
475
518
558
595
629
662
690
715
720
714
698
672
638
598
554
508
462
421
384
352
329
316
312
320
339
368
404
445
488
530
569
605
639
670
698
718
720
711
692
663
628
586
541
495
451
410
375
345
324
314
673
701
719
719
709
688
659
622
580
535
488
444
405
370
341
321
311
312
324
348
380
418
461
504
545
583
618
651
680
708
718
716
703
680
648
610
566
520
475
432
394
360
334
317
311
314
331
357
391
431
475
517
557
594
629
661
689
714
720
715
698
673
639
599
554
508
463
421
384
352
329
314
312
319
338
366
402
444
487
529
568
605
639
669
697
718
719
711
691
663
627
586
541
494
450
410
374
344
322
312
311
322
344
375
413
455
498
540
578
615
647
677
704
719
717
706
684
653
616
573
527
481
438
399
364
337
319
312
314
328
353
386
425
468
511
551
589
624
656
685
711
718
714
699
674
641
603
558
512
466
424
387
354
330
314
309
315
332
359
394
435
478
520
560
598
631
663
692
715
718
711
693
666
632
590
546
499
455
413
377
346
323
311
309
318
338
367
404
446
489
531
571
607
640
670
699
716
715
705
685
655
618
576
531
486
441
402
367
339
319
310
310
324
346
378
416
459
503
543
582
617
649
679
707
717
715
701
678
646
607
565
519
472
429
391
358
331
315
308
312
329
355
388
429
472
514
555
592
626
659
687
712
717
712
695
670
636
596
552
505
460
419
382
351
327
313
310
317
336
364
400
442
485
527
567
603
637
668
696
717
718
709
690
663
626
585
540
493
449
410
374
344
323
312
312
323
345
376
414
457
499
541
579
616
648
678
705
719
718
706
685
654
616
573
527
481
438
399
366
338
319
312
314
330
354
388
427
470
513
554
591
625
657
687
713
721
717
702
678
645
605
561
515
470
427
389
357
332
317
312
318
336
363
399
440
484
526
565
603
636
667
695
717
720
713
695
668
633
592
547
501
456
416
379
348
327
314
312
322
343
372
410
452
495
537
575
612
644
674
702
720
720
710
689
659
623
580
536
488
444
405
370
341
321
313
313
326
351
382
421
464
506
547
586
620
653
682
709
720
717
704
682
650
612
569
522
476
434
395
362
337
319
314
318
334
360
394
435
478
520
560
598
631
663
692
716
721
715
699
672
638
598
554
507
462
420
384
353
328
314
312
321
339
369
404
446
489
531
570
606
639
670
699
719
721
712
692
664
628
586
541
494
450
410
374
344
323
312
312
323
346
377
415
457
501
541
580
615
648
678
705
719
718
705
683
653
616
573
527
481
438
399
365
337
320
312
314
330
354
388
428
471
514
555
591
627
658
687
713
720
716
701
676
644
604
560
514
468
426
388
356
331
316
312
319
337
364
400
441
484
526
566
603
636
667
696
718
721
714
696
668
633
592
547
500
455
414
379
347
326
313
311
321
342
373
411
452
495
537
576
612
644
675
703
720
720
710
689
659
622
580
534
488
444
404
370
341
321
312
313
326
350
382
421
464
507
548
586
620
653
682
709
720
717
704
680
649
610
567
521
475
432
394
361
334
317
312
315
333
358
392
432
475
518
558
595
629
661
690
714
719
713
697
671
637
597
553
506
461
419
383
351
328
315
311
319
339
368
403
445
488
530
569
605
639
670
698
718
719
710
691
662
626
584
539
492
448
408
373
343
322
311
311
322
345
375
414
456
499
541
579
615
647
678
705
719
718
706
684
653
615
572
526
479
436
398
364
337
318
310
313
328
353
386
425
469
511
552
589
625
656
686
712
718
714
699
674
641
602
558
512
466
425
388
355
330
315
310
317
334
363
397
439
482
524
564
601
634
666
694
716
719
712
694
666
632
590
546
500
455
414
378
348
326
314
312
322
343
374
412
453
496
538
577
612
645
675
703
720
719
708
687
658
620
579
532
486
442
403
368
340
321
312
314
326
351
383
422
464
507
549
586
621
653
683
710
720
718
704
680
649
609
566
520
474
432
394
360
335
318
312
316
333
360
393
434
477
519
560
597
631
662
692
716
720
715
698
672
638
597
554
507
461
421
383
353
328
316
313
320
341
369
405
446
489
531
571
607
640
671
699
719
720
712
692
663
627
586
540
494
449
410
374
345
325
314
314
326
348
379
418
460
503
544
583
618
650
680
708
722
720
708
686
655
618
574
529
482
439
400
366
338
321
314
316
331
356
389
430
473
515
556
593
627
660
688
715
722
718
702
678
645
605
561
515
469
428
390
357
333
318
314
320
338
366
401
442
486
527
568
604
637
668
697
720
723
716
697
670
635
594
549
503
458
417
381
350
328
316
315
325
347
376
414
456
498
540
578
615
647
677
705
722
721
711
690
660
623
581
535
489
445
406
371
344
324
316
318
333
356
388
427
470
513
553
591
625
658
687
713
723
720
706
682
651
612
569
523
477
434
395
362
337
322
316
320
338
364
399
439
483
525
564
602
506
460
420
383
351
329
315
314
322
341
372
407
449
492
534
573
609
642
673
701
721
721
711
691
662
626
584
539
493
449
409
374
345
325
315
315
329
351
383
421
464
506
547
585
621
652
682
709
723
721
708
686
654
617
573
528
481
437
398
365
338
321
314
317
333
358
392
433
476
518
559
596
630
661
690
717
724
719
704
679
645
605
561
515
469
428
390
358
333
319
315
322
340
367
403
446
488
530
569
606
639
670
698
721
722
715
696
669
633
591
547
500
455
415
379
349
328
317
316
327
349
379
418
460
502
544
582
617
650
680
707
723
722
710
688
657
620
577
532
485
442
403
368
341
323
314
316
332
355
389
429
472
514
555
592
627
658
688
714
725
721
707
682
650
610
566
519
473
430
393
359
333
317
313
318
335
362
397
438
481
523
563
601
634
665
694
718
722
716
699
672
637
597
552
505
460
419
383
352
329
317
315
324
344
374
411
453
495
537
576
612
644
675
703
721
721
711
691
661
625
582
537
491
446
407
372
343
324
314
316
328
352
384
423
465
508
549
587
622
654
684
711
723
721
707
684
652
613
570
524
478
435
396
363
337
319
312
316
332
358
393
434
476
519
559
596
630
662
691
717
723
718
702
677
644
603
559
513
468
425
389
356
332
319
315
322
342
371
406
448
491
533
572
608
641
672
700
721
722
714
695
667
630
589
543
497
452
412
376
347
325
315
314
326
348
380
417
461
503
544
582
617
650
680
707
723
722
710
688
657
619
576
530
484
441
401
367
339
321
313
315
331
355
388
429
471
514
555
592
627
658
688
714
723
719
704
679
646
606
562
516
470
428
390
358
332
318
313
319
337
364
400
441
485
527
566
602
637
667
696
718
721
714
696
669
633
593
547
501
456
415
379
348
326
314
312
322
343
374
411
453
496
538
577
612
645
676
703
721
721
710
689
659
622
580
534
487
443
404
369
340
320
311
311
324
347
380
419
462
505
546
584
619
651
681
708
720
717
704
681
649
611
568
522
475
432
394
362
334
318
312
315
332
358
392
433
476
519
559
596
630
662
691
715
720
714
698
672
638
598
554
507
462
421
384
352
328
314
311
319
338
367
403
446
488
530
570
606
639
670
698
719
720
711
692
663
627
585
539
493
448
408
372
342
322
310
310
322
343
376
413
456
499
540
579
614
648
677
706
720
718
707
685
655
617
574
528
482
437
399
364
337
318
311
314
328
353
386
425
468
511
552
589
624
656
685
711
718
714
698
673
640
600
557
510
464
422
386
353
327
313
308
314
332
361
396
437
481
523
563
600
633
665
693
716
718
711
692
665
630
588
542
496
451
410
374
345
322
309
308
318
339
369
407
448
491
533
572
609
642
672
700
717
717
706
684
655
618
575
530
484
440
401
366
338
319
310
311
326
349
381
421
463
506
547
585
620
652
683
709
717
714
700
676
643
605
561
515
470
427
390
357
331
315
310
315
332
359
393
434
477
520
560
597
631
662
691
715
719
713
695
669
634
593
548
502
456
415
379
349
324
312
308
316
337
365
402
444
487
530
569
605
639
669
698
718
718
710
690
661
626
583
538
491
447
408
372
342
322
312
311
324
346
377
415
458
501
542
581
616
649
679
706
719
717
705
682
651
613
570
524
478
435
397
363
336
318
312
315
330
355
390
429
472
515
555
592
627
658
688
714
720
716
701
676
643
603
559
512
467
425
387
355
330
316
312
319
338
365
402
442
485
527
567
603
638
668
697
719
721
714
696
669
633
593
548
501
456
415
379
349
328
317
315
325
347
377
414
457
499
541
579
614
647
677
705
722
721
710
689
660
622
579
534
487
444
404
370
342
323
315
317
331
356
389
427
470
513
554
591
626
657
687
713
723
719
705
681
650
610
567
520
475
432
394
361
335
320
314
320
337
364
399
440
483
525
565
601
635
666
695
719
723
717
700
673
639
598
554
507
463
421
384
353
330
317
315
324
345
374
411
453
496
537
576
612
645
675
703
722
722
713
693
663
627
585
540
493
449
410
374
346
325
316
317
329
352
383
423
465
508
549
587
621
654
683
710
723
721
708
686
654
616
573
527
481
437
399
365
339
322
315
319
335
360
394
435
478
520
560
597
631
662
691
717
723
719
703
678
644
604
560
514
468
426
389
357
333
319
315
322
342
370
406
447
490
532
571
608
641
671
700
721
723
715
697
669
633
592
547
501
455
415
379
349
327
317
316
327
349
379
417
459
502
543
582
617
649
680
707
723
721
710
688
658
620
577
531
485
442
402
369
340
322
314
316
330
356
388
428
471
513
554
592
626
658
687
713
721
718
703
679
647
607
370
406
448
491
532
572
608
641
671
700
721
723
715
695
667
631
590
544
499
453
413
377
347
326
315
316
327
349
380
418
461
503
545
583
618
651
680
708
724
723
711
689
659
621
578
532
486
442
403
369
341
323
315
319
333
358
391
431
474
516
557
594
628
660
689
715
723
719
704
680
647
607
563
517
471
429
391
359
334
320
315
321
339
366
402
443
486
528
568
604
637
668
697
720
723
716
697
670
635
594
549
502
457
417
381
351
328
316
316
325
346
377
414
456
499
540
579
614
648
677
706
722
722
711
690
661
623
581
535
489
445
405
371
343
323
314
316
329
353
385
424
467
510
551
588
624
655
685
712
722
719
706
682
651
611
569
522
476
433
396
362
336
319
314
318
335
361
395
436
480
522
562
598
633
664
693
718
723
717
701
674
640
599
555
508
462
421
384
353
329
315
313
320
341
369
405
448
490
532
571
607
641
672
700
721
722
714
694
666
630
588
543
497
452
412
376
346
326
314
315
326
348
379
417
460
503
544
582
617
651
680
707
723
721
709
687
657
619
576
530
484
441
401
367
339
322
315
317
333
357
391
431
474
516
557
594
628
660
689
715
724
719
704
680
646
607
563
516
471
428
390
358
333
318
313
319
337
364
400
441
484
526
566
603
636
667
696
719
722
715
698
670
634
593
549
502
457
416
380
349
327
315
313
324
344
375
413
454
497
539
578
613
646
676
704
722
721
710
690
660
623
580
535
488
445
404
370
341
323
313
316
329
353
385
425
468
510
551
588
624
655
685
712
722
719
705
681
649
610
566
521
474
431
393
361
334
319
313
318
334
361
395
436
479
521
561
598
632
663
692
717
721
715
698
672
637
597
552
506
462
419
383
352
328
316
313
321
342
370
407
448
491
533
572
608
641
672
700
720
720
710
690
661
625
583
537
491
447
407
372
342
323
312
313
326
348
379
417
460
502
544
583
617
650
680
707
720
718
705
682
652
613
570
524
478
435
396
363
336
319
312
316
331
356
389
430
473
515
556
593
627
659
689
714
719
715
699
673
639
599
555
508
463
421
384
352
327
314
310
317
335
363
399
441
484
526
566
603
636
667
696
718
719
712
693
665
629
587
543
496
451
410
375
344
323
312
310
321
342
372
410
452
495
537
576
612
645
675
703
719
718
707
686
656
618
576
531
483
440
401
366
339
319
311
313
327
351
383
423
466
508
549
587
622
654
684
710
719
716
701
677
645
606
562
516
470
428
390
358
333
317
311
317
335
361
396
437
480
522
562
599
633
664
693
717
720
714
696
670
635
594
549
503
458
417
380
349
327
313
312
320
341
371
407
449
493
534
573
609
642
672
701
719
719
709
689
660
624
582
536
490
447
406
371
342
322
312
313
325
348
381
419
461
504
546
583
619
651
681
708
720
717
705
682
650
612
568
522
476
433
394
361
334
317
310
315
330
357
390
430
474
516
556
593
628
659
689
714
719
714
697
671
637
597
552
506
460
419
383
350
326
312
309
315
335
363
399
441
485
527
567
603
637
668
696
719
720
712
693
665
629
587
542
495
451
410
374
345
323
312
311
322
344
374
412
454
497
539
578
613
646
676
704
719
717
706
684
653
616
573
528
482
438
400
365
338
320
312
314
329
353
386
427
469
512
553
590
625
657
686
713
721
717
703
678
645
606
562
515
469
428
389
357
331
317
312
318
335
363
397
438
481
523
564
600
634
665
694
717
721
714
696
669
634
594
550
503
458
417
381
350
328
316
314
324
343
373
411
453
496
537
576
612
645
675
703
721
721
711
691
661
624
583
537
491
446
407
372
344
325
315
316
329
352
383
422
465
508
549
587
621
654
684
710
722
719
705
682
650
612
569
523
478
434
396
363
336
320
313
318
335
360
394
435
478
521
560
597
631
663
692
717
722
717
700
675
641
601
556
510
465
423
386
355
331
318
315
323
342
370
406
448
491
533
572
608
641
672
700
720
721
713
694
665
630
588
543
497
453
412
377
347
327
317
316
328
350
381
419
462
504
545
584
619
651
681
708
722
721
709
687
656
618
575
529
483
440
401
367
340
321
315
317
332
357
391
430
474
516
556
594
629
660
689
715
723
719
704
680
646
608
563
517
471
429
391
358
334
319
315
322
339
367
402
444
486
528
568
604
638
669
697
719
722
715
697
669
634
594
549
502
457
417
381
351
328
316
315
325
346
377
414
456
499
541
579
614
647
677
705
722
722
711
690
660
623
581
535
488
444
405
370
342
323
314
316
329
352
385
424
466
509
550
588
623
655
684
712
722
719
706
682
651
612
569
523
477
434
396
362
337
320
314
319
712
718
714
698
673
640
600
556
510
464
423
385
354